This is pdfTeX, Version 3.1415926-2.4-1.40.13 (TeX Live 2012) (format=pdflatex 2013.6.11)  17 MAR 2015 13:40
entering extended mode
 \write18 enabled.
 file:line:error style messages enabled.
 %&-line parsing enabled.
**updates.tex
(./updates.tex
LaTeX2e <2011/06/27>
Babel <v3.8m> and hyphenation patterns for english, dumylang, nohyphenation, ge
rman-x-2012-05-30, ngerman-x-2012-05-30, afrikaans, ancientgreek, ibycus, arabi
c, armenian, basque, bulgarian, catalan, pinyin, coptic, croatian, czech, danis
h, dutch, ukenglish, usenglishmax, esperanto, estonian, ethiopic, farsi, finnis
h, french, friulan, galician, german, ngerman, swissgerman, monogreek, greek, h
ungarian, icelandic, assamese, bengali, gujarati, hindi, kannada, malayalam, ma
rathi, oriya, panjabi, tamil, telugu, indonesian, interlingua, irish, italian, 
kurmanji, latin, latvian, lithuanian, mongolian, mongolianlmc, bokmal, nynorsk,
 piedmontese, polish, portuguese, romanian, romansh, russian, sanskrit, serbian
, serbianc, slovak, slovenian, spanish, swedish, turkish, turkmen, ukrainian, u
ppersorbian, welsh, loaded.

(/ad/eng/research/eng_research_icsg/schuyler/usr/texlive/2012/texmf-dist/tex/la
tex/beamer/beamer.cls
(/ad/eng/research/eng_research_icsg/schuyler/usr/texlive/2012/texmf-dist/tex/la
tex/beamer/beamerbasercs.sty
Package: beamerbasercs 2013/01/04 (rcs-revision 9a97a4eee358)
)
Document Class: beamer 2013/01/04 3.26 A class for typesetting presentations (r
cs-revision e81e0c94bcc6)

(/ad/eng/research/eng_research_icsg/schuyler/usr/texlive/2012/texmf-dist/tex/la
tex/beamer/beamerbasemodes.sty
Package: beamerbasemodes 2012/04/15 (rcs-revision cc6557182d97)
\beamer@tempbox=\box26
\beamer@tempcount=\count79
\c@beamerpauses=\count80

(/ad/eng/research/eng_research_icsg/schuyler/usr/texlive/2012/texmf-dist/tex/la
tex/beamer/beamerbasedecode.sty
Package: beamerbasedecode 2010/05/01 (rcs-revision efa082c6111d)
\beamer@slideinframe=\count81
\beamer@minimum=\count82
)
\beamer@commentbox=\box27
\beamer@modecount=\count83
)
(/ad/eng/research/eng_research_icsg/schuyler/usr/texlive/2012/texmf-dist/tex/ge
neric/oberdiek/ifpdf.sty
Package: ifpdf 2011/01/30 v2.3 Provides the ifpdf switch (HO)
Package ifpdf Info: pdfTeX in PDF mode is detected.
)
\headheight=\dimen102
\headdp=\dimen103
\footheight=\dimen104
\sidebarheight=\dimen105
\beamer@tempdim=\dimen106
\beamer@finalheight=\dimen107
\beamer@animht=\dimen108
\beamer@animdp=\dimen109
\beamer@animwd=\dimen110
\beamer@leftmargin=\dimen111
\beamer@rightmargin=\dimen112
\beamer@leftsidebar=\dimen113
\beamer@rightsidebar=\dimen114
\beamer@boxsize=\dimen115
\beamer@vboxoffset=\dimen116
\beamer@descdefault=\dimen117
\beamer@descriptionwidth=\dimen118
\beamer@lastskip=\skip41
\beamer@areabox=\box28
\beamer@animcurrent=\box29
\beamer@animshowbox=\box30
\beamer@sectionbox=\box31
\beamer@logobox=\box32
\beamer@linebox=\box33
\beamer@sectioncount=\count84
\beamer@subsubsectionmax=\count85
\beamer@subsectionmax=\count86
\beamer@sectionmax=\count87
\beamer@totalheads=\count88
\beamer@headcounter=\count89
\beamer@partstartpage=\count90
\beamer@sectionstartpage=\count91
\beamer@subsectionstartpage=\count92
\beamer@animationtempa=\count93
\beamer@animationtempb=\count94
\beamer@xpos=\count95
\beamer@ypos=\count96
\beamer@showpartnumber=\count97
\beamer@currentsubsection=\count98
\beamer@coveringdepth=\count99
\beamer@sectionadjust=\count100
\beamer@tocsectionnumber=\count101

(/ad/eng/research/eng_research_icsg/schuyler/usr/texlive/2012/texmf-dist/tex/la
tex/beamer/beamerbaseoptions.sty
Package: beamerbaseoptions 2010/04/27 (rcs-revision 982469101dd6)

(/ad/eng/research/eng_research_icsg/schuyler/usr/texlive/2012/texmf-dist/tex/la
tex/graphics/keyval.sty
Package: keyval 1999/03/16 v1.13 key=value parser (DPC)
\KV@toks@=\toks14
))
\beamer@paperwidth=\skip42
\beamer@paperheight=\skip43

(/ad/eng/research/eng_research_icsg/schuyler/usr/texlive/2012/texmf-dist/tex/la
tex/geometry/geometry.sty
Package: geometry 2010/09/12 v5.6 Page Geometry

(/ad/eng/research/eng_research_icsg/schuyler/usr/texlive/2012/texmf-dist/tex/ge
neric/oberdiek/ifvtex.sty
Package: ifvtex 2010/03/01 v1.5 Detect VTeX and its facilities (HO)
Package ifvtex Info: VTeX not detected.
)
(/ad/eng/research/eng_research_icsg/schuyler/usr/texlive/2012/texmf-dist/tex/ge
neric/ifxetex/ifxetex.sty
Package: ifxetex 2010/09/12 v0.6 Provides ifxetex conditional
)
\Gm@cnth=\count102
\Gm@cntv=\count103
\c@Gm@tempcnt=\count104
\Gm@bindingoffset=\dimen119
\Gm@wd@mp=\dimen120
\Gm@odd@mp=\dimen121
\Gm@even@mp=\dimen122
\Gm@layoutwidth=\dimen123
\Gm@layoutheight=\dimen124
\Gm@layouthoffset=\dimen125
\Gm@layoutvoffset=\dimen126
\Gm@dimlist=\toks15
)
(/ad/eng/research/eng_research_icsg/schuyler/usr/texlive/2012/texmf-dist/tex/la
tex/base/size11.clo
File: size11.clo 2007/10/19 v1.4h Standard LaTeX file (size option)
)
(/ad/eng/research/eng_research_icsg/schuyler/usr/texlive/2012/texmf-dist/tex/la
tex/pgf/basiclayer/pgfcore.sty
(/ad/eng/research/eng_research_icsg/schuyler/usr/texlive/2012/texmf-dist/tex/la
tex/graphics/graphicx.sty
Package: graphicx 1999/02/16 v1.0f Enhanced LaTeX Graphics (DPC,SPQR)

(/ad/eng/research/eng_research_icsg/schuyler/usr/texlive/2012/texmf-dist/tex/la
tex/graphics/graphics.sty
Package: graphics 2009/02/05 v1.0o Standard LaTeX Graphics (DPC,SPQR)

(/ad/eng/research/eng_research_icsg/schuyler/usr/texlive/2012/texmf-dist/tex/la
tex/graphics/trig.sty
Package: trig 1999/03/16 v1.09 sin cos tan (DPC)
)
(/ad/eng/research/eng_research_icsg/schuyler/usr/texlive/2012/texmf-dist/tex/la
tex/latexconfig/graphics.cfg
File: graphics.cfg 2010/04/23 v1.9 graphics configuration of TeX Live
)
Package graphics Info: Driver file: pdftex.def on input line 91.

(/ad/eng/research/eng_research_icsg/schuyler/usr/texlive/2012/texmf-dist/tex/la
tex/pdftex-def/pdftex.def
File: pdftex.def 2011/05/27 v0.06d Graphics/color for pdfTeX

(/ad/eng/research/eng_research_icsg/schuyler/usr/texlive/2012/texmf-dist/tex/ge
neric/oberdiek/infwarerr.sty
Package: infwarerr 2010/04/08 v1.3 Providing info/warning/error messages (HO)
)
(/ad/eng/research/eng_research_icsg/schuyler/usr/texlive/2012/texmf-dist/tex/ge
neric/oberdiek/ltxcmds.sty
Package: ltxcmds 2011/11/09 v1.22 LaTeX kernel commands for general use (HO)
)
\Gread@gobject=\count105
))
\Gin@req@height=\dimen127
\Gin@req@width=\dimen128
)
(/ad/eng/research/eng_research_icsg/schuyler/usr/texlive/2012/texmf-dist/tex/la
tex/pgf/systemlayer/pgfsys.sty
(/ad/eng/research/eng_research_icsg/schuyler/usr/texlive/2012/texmf-dist/tex/la
tex/pgf/utilities/pgfrcs.sty
(/ad/eng/research/eng_research_icsg/schuyler/usr/texlive/2012/texmf-dist/tex/ge
neric/pgf/utilities/pgfutil-common.tex
\pgfutil@everybye=\toks16
)
(/ad/eng/research/eng_research_icsg/schuyler/usr/texlive/2012/texmf-dist/tex/ge
neric/pgf/utilities/pgfutil-latex.def
\pgfutil@abb=\box34

(/ad/eng/research/eng_research_icsg/schuyler/usr/texlive/2012/texmf-dist/tex/la
tex/ms/everyshi.sty
Package: everyshi 2001/05/15 v3.00 EveryShipout Package (MS)
))
(/ad/eng/research/eng_research_icsg/schuyler/usr/texlive/2012/texmf-dist/tex/ge
neric/pgf/utilities/pgfrcs.code.tex
Package: pgfrcs 2010/10/25 v2.10 (rcs-revision 1.24)
))
(/ad/eng/research/eng_research_icsg/schuyler/usr/texlive/2012/texmf-dist/tex/ge
neric/pgf/systemlayer/pgfsys.code.tex
Package: pgfsys 2010/06/30 v2.10 (rcs-revision 1.37)

(/ad/eng/research/eng_research_icsg/schuyler/usr/texlive/2012/texmf-dist/tex/ge
neric/pgf/utilities/pgfkeys.code.tex
\pgfkeys@pathtoks=\toks17
\pgfkeys@temptoks=\toks18

(/ad/eng/research/eng_research_icsg/schuyler/usr/texlive/2012/texmf-dist/tex/ge
neric/pgf/utilities/pgfkeysfiltered.code.tex
\pgfkeys@tmptoks=\toks19
))
\pgf@x=\dimen129
\pgf@y=\dimen130
\pgf@xa=\dimen131
\pgf@ya=\dimen132
\pgf@xb=\dimen133
\pgf@yb=\dimen134
\pgf@xc=\dimen135
\pgf@yc=\dimen136
\w@pgf@writea=\write3
\r@pgf@reada=\read1
\c@pgf@counta=\count106
\c@pgf@countb=\count107
\c@pgf@countc=\count108
\c@pgf@countd=\count109

(/ad/eng/research/eng_research_icsg/schuyler/usr/texlive/2012/texmf-dist/tex/ge
neric/pgf/systemlayer/pgf.cfg
File: pgf.cfg 2008/05/14  (rcs-revision 1.7)
)
Package pgfsys Info: Driver file for pgf: pgfsys-pdftex.def on input line 900.

(/ad/eng/research/eng_research_icsg/schuyler/usr/texlive/2012/texmf-dist/tex/ge
neric/pgf/systemlayer/pgfsys-pdftex.def
File: pgfsys-pdftex.def 2009/05/22  (rcs-revision 1.26)

(/ad/eng/research/eng_research_icsg/schuyler/usr/texlive/2012/texmf-dist/tex/ge
neric/pgf/systemlayer/pgfsys-common-pdf.def
File: pgfsys-common-pdf.def 2008/05/19  (rcs-revision 1.10)
)))
(/ad/eng/research/eng_research_icsg/schuyler/usr/texlive/2012/texmf-dist/tex/ge
neric/pgf/systemlayer/pgfsyssoftpath.code.tex
File: pgfsyssoftpath.code.tex 2008/07/18  (rcs-revision 1.7)
\pgfsyssoftpath@smallbuffer@items=\count110
\pgfsyssoftpath@bigbuffer@items=\count111
)
(/ad/eng/research/eng_research_icsg/schuyler/usr/texlive/2012/texmf-dist/tex/ge
neric/pgf/systemlayer/pgfsysprotocol.code.tex
File: pgfsysprotocol.code.tex 2006/10/16  (rcs-revision 1.4)
))
(/ad/eng/research/eng_research_icsg/schuyler/usr/texlive/2012/texmf-dist/tex/la
tex/xcolor/xcolor.sty
Package: xcolor 2007/01/21 v2.11 LaTeX color extensions (UK)

(/ad/eng/research/eng_research_icsg/schuyler/usr/texlive/2012/texmf-dist/tex/la
tex/latexconfig/color.cfg
File: color.cfg 2007/01/18 v1.5 color configuration of teTeX/TeXLive
)
Package xcolor Info: Driver file: pdftex.def on input line 225.
Package xcolor Info: Model `cmy' substituted by `cmy0' on input line 1337.
Package xcolor Info: Model `hsb' substituted by `rgb' on input line 1341.
Package xcolor Info: Model `RGB' extended on input line 1353.
Package xcolor Info: Model `HTML' substituted by `rgb' on input line 1355.
Package xcolor Info: Model `Hsb' substituted by `hsb' on input line 1356.
Package xcolor Info: Model `tHsb' substituted by `hsb' on input line 1357.
Package xcolor Info: Model `HSB' substituted by `hsb' on input line 1358.
Package xcolor Info: Model `Gray' substituted by `gray' on input line 1359.
Package xcolor Info: Model `wave' substituted by `hsb' on input line 1360.
)
(/ad/eng/research/eng_research_icsg/schuyler/usr/texlive/2012/texmf-dist/tex/ge
neric/pgf/basiclayer/pgfcore.code.tex
Package: pgfcore 2010/04/11 v2.10 (rcs-revision 1.7)

(/ad/eng/research/eng_research_icsg/schuyler/usr/texlive/2012/texmf-dist/tex/ge
neric/pgf/math/pgfmath.code.tex
(/ad/eng/research/eng_research_icsg/schuyler/usr/texlive/2012/texmf-dist/tex/ge
neric/pgf/math/pgfmathcalc.code.tex
(/ad/eng/research/eng_research_icsg/schuyler/usr/texlive/2012/texmf-dist/tex/ge
neric/pgf/math/pgfmathutil.code.tex)
(/ad/eng/research/eng_research_icsg/schuyler/usr/texlive/2012/texmf-dist/tex/ge
neric/pgf/math/pgfmathparser.code.tex
\pgfmath@dimen=\dimen137
\pgfmath@count=\count112
\pgfmath@box=\box35
\pgfmath@toks=\toks20
\pgfmath@stack@operand=\toks21
\pgfmath@stack@operation=\toks22
)
(/ad/eng/research/eng_research_icsg/schuyler/usr/texlive/2012/texmf-dist/tex/ge
neric/pgf/math/pgfmathfunctions.code.tex
(/ad/eng/research/eng_research_icsg/schuyler/usr/texlive/2012/texmf-dist/tex/ge
neric/pgf/math/pgfmathfunctions.basic.code.tex)
(/ad/eng/research/eng_research_icsg/schuyler/usr/texlive/2012/texmf-dist/tex/ge
neric/pgf/math/pgfmathfunctions.trigonometric.code.tex)
(/ad/eng/research/eng_research_icsg/schuyler/usr/texlive/2012/texmf-dist/tex/ge
neric/pgf/math/pgfmathfunctions.random.code.tex)
(/ad/eng/research/eng_research_icsg/schuyler/usr/texlive/2012/texmf-dist/tex/ge
neric/pgf/math/pgfmathfunctions.comparison.code.tex)
(/ad/eng/research/eng_research_icsg/schuyler/usr/texlive/2012/texmf-dist/tex/ge
neric/pgf/math/pgfmathfunctions.base.code.tex)
(/ad/eng/research/eng_research_icsg/schuyler/usr/texlive/2012/texmf-dist/tex/ge
neric/pgf/math/pgfmathfunctions.round.code.tex)
(/ad/eng/research/eng_research_icsg/schuyler/usr/texlive/2012/texmf-dist/tex/ge
neric/pgf/math/pgfmathfunctions.misc.code.tex)))
(/ad/eng/research/eng_research_icsg/schuyler/usr/texlive/2012/texmf-dist/tex/ge
neric/pgf/math/pgfmathfloat.code.tex
\c@pgfmathroundto@lastzeros=\count113
))
(/ad/eng/research/eng_research_icsg/schuyler/usr/texlive/2012/texmf-dist/tex/ge
neric/pgf/basiclayer/pgfcorepoints.code.tex
File: pgfcorepoints.code.tex 2010/04/09  (rcs-revision 1.20)
\pgf@picminx=\dimen138
\pgf@picmaxx=\dimen139
\pgf@picminy=\dimen140
\pgf@picmaxy=\dimen141
\pgf@pathminx=\dimen142
\pgf@pathmaxx=\dimen143
\pgf@pathminy=\dimen144
\pgf@pathmaxy=\dimen145
\pgf@xx=\dimen146
\pgf@xy=\dimen147
\pgf@yx=\dimen148
\pgf@yy=\dimen149
\pgf@zx=\dimen150
\pgf@zy=\dimen151
)
(/ad/eng/research/eng_research_icsg/schuyler/usr/texlive/2012/texmf-dist/tex/ge
neric/pgf/basiclayer/pgfcorepathconstruct.code.tex
File: pgfcorepathconstruct.code.tex 2010/08/03  (rcs-revision 1.24)
\pgf@path@lastx=\dimen152
\pgf@path@lasty=\dimen153
)
(/ad/eng/research/eng_research_icsg/schuyler/usr/texlive/2012/texmf-dist/tex/ge
neric/pgf/basiclayer/pgfcorepathusage.code.tex
File: pgfcorepathusage.code.tex 2008/04/22  (rcs-revision 1.12)
\pgf@shorten@end@additional=\dimen154
\pgf@shorten@start@additional=\dimen155
)
(/ad/eng/research/eng_research_icsg/schuyler/usr/texlive/2012/texmf-dist/tex/ge
neric/pgf/basiclayer/pgfcorescopes.code.tex
File: pgfcorescopes.code.tex 2010/09/08  (rcs-revision 1.34)
\pgfpic=\box36
\pgf@hbox=\box37
\pgf@layerbox@main=\box38
\pgf@picture@serial@count=\count114
)
(/ad/eng/research/eng_research_icsg/schuyler/usr/texlive/2012/texmf-dist/tex/ge
neric/pgf/basiclayer/pgfcoregraphicstate.code.tex
File: pgfcoregraphicstate.code.tex 2008/04/22  (rcs-revision 1.9)
\pgflinewidth=\dimen156
)
(/ad/eng/research/eng_research_icsg/schuyler/usr/texlive/2012/texmf-dist/tex/ge
neric/pgf/basiclayer/pgfcoretransformations.code.tex
File: pgfcoretransformations.code.tex 2009/06/10  (rcs-revision 1.11)
\pgf@pt@x=\dimen157
\pgf@pt@y=\dimen158
\pgf@pt@temp=\dimen159
)
(/ad/eng/research/eng_research_icsg/schuyler/usr/texlive/2012/texmf-dist/tex/ge
neric/pgf/basiclayer/pgfcorequick.code.tex
File: pgfcorequick.code.tex 2008/10/09  (rcs-revision 1.3)
)
(/ad/eng/research/eng_research_icsg/schuyler/usr/texlive/2012/texmf-dist/tex/ge
neric/pgf/basiclayer/pgfcoreobjects.code.tex
File: pgfcoreobjects.code.tex 2006/10/11  (rcs-revision 1.2)
)
(/ad/eng/research/eng_research_icsg/schuyler/usr/texlive/2012/texmf-dist/tex/ge
neric/pgf/basiclayer/pgfcorepathprocessing.code.tex
File: pgfcorepathprocessing.code.tex 2008/10/09  (rcs-revision 1.8)
)
(/ad/eng/research/eng_research_icsg/schuyler/usr/texlive/2012/texmf-dist/tex/ge
neric/pgf/basiclayer/pgfcorearrows.code.tex
File: pgfcorearrows.code.tex 2008/04/23  (rcs-revision 1.11)
)
(/ad/eng/research/eng_research_icsg/schuyler/usr/texlive/2012/texmf-dist/tex/ge
neric/pgf/basiclayer/pgfcoreshade.code.tex
File: pgfcoreshade.code.tex 2008/11/23  (rcs-revision 1.13)
\pgf@max=\dimen160
\pgf@sys@shading@range@num=\count115
)
(/ad/eng/research/eng_research_icsg/schuyler/usr/texlive/2012/texmf-dist/tex/ge
neric/pgf/basiclayer/pgfcoreimage.code.tex
File: pgfcoreimage.code.tex 2010/03/25  (rcs-revision 1.16)

(/ad/eng/research/eng_research_icsg/schuyler/usr/texlive/2012/texmf-dist/tex/ge
neric/pgf/basiclayer/pgfcoreexternal.code.tex
File: pgfcoreexternal.code.tex 2010/09/01  (rcs-revision 1.17)
\pgfexternal@startupbox=\box39
))
(/ad/eng/research/eng_research_icsg/schuyler/usr/texlive/2012/texmf-dist/tex/ge
neric/pgf/basiclayer/pgfcorelayers.code.tex
File: pgfcorelayers.code.tex 2010/08/27  (rcs-revision 1.2)
)
(/ad/eng/research/eng_research_icsg/schuyler/usr/texlive/2012/texmf-dist/tex/ge
neric/pgf/basiclayer/pgfcoretransparency.code.tex
File: pgfcoretransparency.code.tex 2008/01/17  (rcs-revision 1.2)
)
(/ad/eng/research/eng_research_icsg/schuyler/usr/texlive/2012/texmf-dist/tex/ge
neric/pgf/basiclayer/pgfcorepatterns.code.tex
File: pgfcorepatterns.code.tex 2009/07/02  (rcs-revision 1.3)
)))
(/ad/eng/research/eng_research_icsg/schuyler/usr/texlive/2012/texmf-dist/tex/la
tex/pgf/utilities/xxcolor.sty
Package: xxcolor 2003/10/24 ver 0.1
\XC@nummixins=\count116
\XC@countmixins=\count117
)
(/ad/eng/research/eng_research_icsg/schuyler/usr/texlive/2012/texmf-dist/tex/la
tex/hyperref/hyperref.sty
Package: hyperref 2012/11/06 v6.83m Hypertext links for LaTeX

(/ad/eng/research/eng_research_icsg/schuyler/usr/texlive/2012/texmf-dist/tex/ge
neric/oberdiek/hobsub-hyperref.sty
Package: hobsub-hyperref 2012/05/28 v1.13 Bundle oberdiek, subset hyperref (HO)


(/ad/eng/research/eng_research_icsg/schuyler/usr/texlive/2012/texmf-dist/tex/ge
neric/oberdiek/hobsub-generic.sty
Package: hobsub-generic 2012/05/28 v1.13 Bundle oberdiek, subset generic (HO)
Package: hobsub 2012/05/28 v1.13 Construct package bundles (HO)
Package hobsub Info: Skipping package `infwarerr' (already loaded).
Package hobsub Info: Skipping package `ltxcmds' (already loaded).
Package: ifluatex 2010/03/01 v1.3 Provides the ifluatex switch (HO)
Package ifluatex Info: LuaTeX not detected.
Package hobsub Info: Skipping package `ifvtex' (already loaded).
Package: intcalc 2007/09/27 v1.1 Expandable calculations with integers (HO)
Package hobsub Info: Skipping package `ifpdf' (already loaded).
Package: etexcmds 2011/02/16 v1.5 Avoid name clashes with e-TeX commands (HO)
Package etexcmds Info: Could not find \expanded.
(etexcmds)             That can mean that you are not using pdfTeX 1.50 or
(etexcmds)             that some package has redefined \expanded.
(etexcmds)             In the latter case, load this package earlier.
Package: kvsetkeys 2012/04/25 v1.16 Key value parser (HO)
Package: kvdefinekeys 2011/04/07 v1.3 Define keys (HO)
Package: pdftexcmds 2011/11/29 v0.20 Utility functions of pdfTeX for LuaTeX (HO
)
Package pdftexcmds Info: LuaTeX not detected.
Package pdftexcmds Info: \pdf@primitive is available.
Package pdftexcmds Info: \pdf@ifprimitive is available.
Package pdftexcmds Info: \pdfdraftmode found.
Package: pdfescape 2011/11/25 v1.13 Implements pdfTeX's escape features (HO)
Package: bigintcalc 2012/04/08 v1.3 Expandable calculations on big integers (HO
)
Package: bitset 2011/01/30 v1.1 Handle bit-vector datatype (HO)
Package: uniquecounter 2011/01/30 v1.2 Provide unlimited unique counter (HO)
)
Package hobsub Info: Skipping package `hobsub' (already loaded).
Package: letltxmacro 2010/09/02 v1.4 Let assignment for LaTeX macros (HO)
Package: hopatch 2012/05/28 v1.2 Wrapper for package hooks (HO)
Package: xcolor-patch 2011/01/30 xcolor patch
Package: atveryend 2011/06/30 v1.8 Hooks at the very end of document (HO)
Package atveryend Info: \enddocument detected (standard20110627).
Package: atbegshi 2011/10/05 v1.16 At begin shipout hook (HO)
Package: refcount 2011/10/16 v3.4 Data extraction from label references (HO)
Package: hycolor 2011/01/30 v1.7 Color options for hyperref/bookmark (HO)
)
(/ad/eng/research/eng_research_icsg/schuyler/usr/texlive/2012/texmf-dist/tex/la
tex/oberdiek/auxhook.sty
Package: auxhook 2011/03/04 v1.3 Hooks for auxiliary files (HO)
)
(/ad/eng/research/eng_research_icsg/schuyler/usr/texlive/2012/texmf-dist/tex/la
tex/oberdiek/kvoptions.sty
Package: kvoptions 2011/06/30 v3.11 Key value format for package options (HO)
)
\@linkdim=\dimen161
\Hy@linkcounter=\count118
\Hy@pagecounter=\count119

(/ad/eng/research/eng_research_icsg/schuyler/usr/texlive/2012/texmf-dist/tex/la
tex/hyperref/pd1enc.def
File: pd1enc.def 2012/11/06 v6.83m Hyperref: PDFDocEncoding definition (HO)
)
\Hy@SavedSpaceFactor=\count120

(/ad/eng/research/eng_research_icsg/schuyler/usr/texlive/2012/texmf-dist/tex/la
tex/latexconfig/hyperref.cfg
File: hyperref.cfg 2002/06/06 v1.2 hyperref configuration of TeXLive
)
Package hyperref Info: Option `bookmarks' set `true' on input line 4319.
Package hyperref Info: Option `bookmarksopen' set `true' on input line 4319.
Package hyperref Info: Option `implicit' set `false' on input line 4319.
Package hyperref Info: Hyper figures OFF on input line 4443.
Package hyperref Info: Link nesting OFF on input line 4448.
Package hyperref Info: Hyper index ON on input line 4451.
Package hyperref Info: Plain pages OFF on input line 4458.
Package hyperref Info: Backreferencing OFF on input line 4463.
Package hyperref Info: Implicit mode OFF; no redefinition of LaTeX internals.
Package hyperref Info: Bookmarks ON on input line 4688.
\c@Hy@tempcnt=\count121

(/ad/eng/research/eng_research_icsg/schuyler/usr/texlive/2012/texmf-dist/tex/la
tex/url/url.sty
\Urlmuskip=\muskip10
Package: url 2006/04/12  ver 3.3  Verb mode for urls, etc.
)
LaTeX Info: Redefining \url on input line 5041.
\XeTeXLinkMargin=\dimen162
\Fld@menulength=\count122
\Field@Width=\dimen163
\Fld@charsize=\dimen164
Package hyperref Info: Hyper figures OFF on input line 6295.
Package hyperref Info: Link nesting OFF on input line 6300.
Package hyperref Info: Hyper index ON on input line 6303.
Package hyperref Info: backreferencing OFF on input line 6310.
Package hyperref Info: Link coloring OFF on input line 6315.
Package hyperref Info: Link coloring with OCG OFF on input line 6320.
Package hyperref Info: PDF/A mode OFF on input line 6325.
LaTeX Info: Redefining \ref on input line 6365.
LaTeX Info: Redefining \pageref on input line 6369.
\Hy@abspage=\count123


Package hyperref Message: Stopped early.

)

Package hyperref Message: Driver (autodetected): hpdftex.


(/ad/eng/research/eng_research_icsg/schuyler/usr/texlive/2012/texmf-dist/tex/la
tex/hyperref/hpdftex.def
File: hpdftex.def 2012/11/06 v6.83m Hyperref driver for pdfTeX
\Fld@listcount=\count124
\c@bookmark@seq@number=\count125

(/ad/eng/research/eng_research_icsg/schuyler/usr/texlive/2012/texmf-dist/tex/la
tex/oberdiek/rerunfilecheck.sty
Package: rerunfilecheck 2011/04/15 v1.7 Rerun checks for auxiliary files (HO)
Package uniquecounter Info: New unique counter `rerunfilecheck' on input line 2
82.
))
(/ad/eng/research/eng_research_icsg/schuyler/usr/texlive/2012/texmf-dist/tex/la
tex/beamer/beamerbaserequires.sty
Package: beamerbaserequires 2010/05/01  (rcs-revision efa082c6111d)

(/ad/eng/research/eng_research_icsg/schuyler/usr/texlive/2012/texmf-dist/tex/la
tex/beamer/beamerbasecompatibility.sty
Package: beamerbasecompatibility 2012/05/01  (rcs-revision 67c48b3b652d)
)
(/ad/eng/research/eng_research_icsg/schuyler/usr/texlive/2012/texmf-dist/tex/la
tex/beamer/beamerbasefont.sty
Package: beamerbasefont 2012/09/19  (rcs-revision 733629cd0c6c)

(/ad/eng/research/eng_research_icsg/schuyler/usr/texlive/2012/texmf-dist/tex/la
tex/amsfonts/amssymb.sty
Package: amssymb 2013/01/14 v3.01 AMS font symbols

(/ad/eng/research/eng_research_icsg/schuyler/usr/texlive/2012/texmf-dist/tex/la
tex/amsfonts/amsfonts.sty
Package: amsfonts 2013/01/14 v3.01 Basic AMSFonts support
\@emptytoks=\toks23
\symAMSa=\mathgroup4
\symAMSb=\mathgroup5
LaTeX Font Info:    Overwriting math alphabet `\mathfrak' in version `bold'
(Font)                  U/euf/m/n --> U/euf/b/n on input line 106.
)))
(/ad/eng/research/eng_research_icsg/schuyler/usr/texlive/2012/texmf-dist/tex/la
tex/beamer/beamerbasetranslator.sty
Package: beamerbasetranslator 2010/06/11  (rcs-revision 85fd1cc7fc42)

(/ad/eng/research/eng_research_icsg/schuyler/usr/texlive/2012/texmf-dist/tex/la
tex/beamer/translator/translator.sty
Package: translator 2010/06/12 ver 1.10

(/ad/eng/research/eng_research_icsg/schuyler/usr/texlive/2012/texmf-dist/tex/la
tex/beamer/translator/translator-language-mappings.tex)))
(/ad/eng/research/eng_research_icsg/schuyler/usr/texlive/2012/texmf-dist/tex/la
tex/beamer/beamerbasemisc.sty
Package: beamerbasemisc 2012/02/24  (rcs-revision 2ff5461be705)
)
(/ad/eng/research/eng_research_icsg/schuyler/usr/texlive/2012/texmf-dist/tex/la
tex/beamer/beamerbasetwoscreens.sty
Package: beamerbasetwoscreens 2010/05/01  (rcs-revision efa082c6111d)
)
(/ad/eng/research/eng_research_icsg/schuyler/usr/texlive/2012/texmf-dist/tex/la
tex/beamer/beamerbaseoverlay.sty
Package: beamerbaseoverlay 2012/11/11  (rcs-revision 6afbc49b1109)
\beamer@argscount=\count126
\beamer@lastskipcover=\skip44
\beamer@trivlistdepth=\count127
)
(/ad/eng/research/eng_research_icsg/schuyler/usr/texlive/2012/texmf-dist/tex/la
tex/beamer/beamerbasetitle.sty
Package: beamerbasetitle 2010/09/21  (rcs-revision f0446ed0b6ae)
)
(/ad/eng/research/eng_research_icsg/schuyler/usr/texlive/2012/texmf-dist/tex/la
tex/beamer/beamerbasesection.sty
Package: beamerbasesection 2013/01/04  (rcs-revision 54309ceef997)
\c@lecture=\count128
\c@part=\count129
\c@section=\count130
\c@subsection=\count131
\c@subsubsection=\count132
)
(/ad/eng/research/eng_research_icsg/schuyler/usr/texlive/2012/texmf-dist/tex/la
tex/beamer/beamerbaseframe.sty
Package: beamerbaseframe 2012/12/26  (rcs-revision 1443917db2cf)
\beamer@framebox=\box40
\beamer@frametitlebox=\box41
\beamer@zoombox=\box42
\beamer@zoomcount=\count133
\beamer@zoomframecount=\count134
\beamer@frametextheight=\dimen165
\c@subsectionslide=\count135
\beamer@frametopskip=\skip45
\beamer@framebottomskip=\skip46
\beamer@frametopskipautobreak=\skip47
\beamer@framebottomskipautobreak=\skip48
\beamer@envbody=\toks24
\framewidth=\dimen166
\c@framenumber=\count136
)
(/ad/eng/research/eng_research_icsg/schuyler/usr/texlive/2012/texmf-dist/tex/la
tex/beamer/beamerbaseverbatim.sty
Package: beamerbaseverbatim 2012/08/30  (rcs-revision dfdb135076b3)
\beamer@verbatimfileout=\write4
)
(/ad/eng/research/eng_research_icsg/schuyler/usr/texlive/2012/texmf-dist/tex/la
tex/beamer/beamerbaseframesize.sty
Package: beamerbaseframesize 2011/09/12  (rcs-revision 70f9d8411e54)
\beamer@splitbox=\box43
\beamer@autobreakcount=\count137
\beamer@autobreaklastheight=\dimen167
\beamer@frametitletoks=\toks25
\beamer@framesubtitletoks=\toks26
)
(/ad/eng/research/eng_research_icsg/schuyler/usr/texlive/2012/texmf-dist/tex/la
tex/beamer/beamerbaseframecomponents.sty
Package: beamerbaseframecomponents 2012/09/13  (rcs-revision dcd846607320)
\beamer@footins=\box44
)
(/ad/eng/research/eng_research_icsg/schuyler/usr/texlive/2012/texmf-dist/tex/la
tex/beamer/beamerbasecolor.sty
Package: beamerbasecolor 2010/06/06  (rcs-revision d1a9b48be06d)
)
(/ad/eng/research/eng_research_icsg/schuyler/usr/texlive/2012/texmf-dist/tex/la
tex/beamer/beamerbasenotes.sty
Package: beamerbasenotes 2012/12/19  (rcs-revision 1686da3db3c9)
\beamer@frameboxcopy=\box45
)
(/ad/eng/research/eng_research_icsg/schuyler/usr/texlive/2012/texmf-dist/tex/la
tex/beamer/beamerbasetoc.sty
Package: beamerbasetoc 2012/10/02  (rcs-revision 5ed0f4010e8a)
)
(/ad/eng/research/eng_research_icsg/schuyler/usr/texlive/2012/texmf-dist/tex/la
tex/beamer/beamerbasetemplates.sty
Package: beamerbasetemplates 2010/05/01  (rcs-revision efa082c6111d)
\beamer@sbttoks=\toks27

(/ad/eng/research/eng_research_icsg/schuyler/usr/texlive/2012/texmf-dist/tex/la
tex/beamer/beamerbaseauxtemplates.sty
Package: beamerbaseauxtemplates 2012/05/01  (rcs-revision 67c48b3b652d)

(/ad/eng/research/eng_research_icsg/schuyler/usr/texlive/2012/texmf-dist/tex/la
tex/beamer/beamerbaseboxes.sty
Package: beamerbaseboxes 2012/05/13  (rcs-revision 56972908a390)
\bmb@box=\box46
\bmb@colorbox=\box47
\bmb@boxshadow=\box48
\bmb@boxshadowball=\box49
\bmb@boxshadowballlarge=\box50
\bmb@temp=\dimen168
\bmb@dima=\dimen169
\bmb@dimb=\dimen170
\bmb@prevheight=\dimen171
)
\beamer@blockheadheight=\dimen172
))
(/ad/eng/research/eng_research_icsg/schuyler/usr/texlive/2012/texmf-dist/tex/la
tex/beamer/beamerbaselocalstructure.sty
Package: beamerbaselocalstructure 2012/11/13  (rcs-revision ddfba79dac19)

(/ad/eng/research/eng_research_icsg/schuyler/usr/texlive/2012/texmf-dist/tex/la
tex/tools/enumerate.sty
Package: enumerate 1999/03/05 v3.00 enumerate extensions (DPC)
\@enLab=\toks28
)
\c@figure=\count138
\c@table=\count139
\abovecaptionskip=\skip49
\belowcaptionskip=\skip50
)
(/ad/eng/research/eng_research_icsg/schuyler/usr/texlive/2012/texmf-dist/tex/la
tex/beamer/beamerbasenavigation.sty
Package: beamerbasenavigation 2012/04/03  (rcs-revision 42a0f21a412d)
\beamer@section@min@dim=\dimen173
)
(/ad/eng/research/eng_research_icsg/schuyler/usr/texlive/2012/texmf-dist/tex/la
tex/beamer/beamerbasetheorems.sty
Package: beamerbasetheorems 2010/06/06  (rcs-revision 7e7cc5e53e9d)

(/ad/eng/research/eng_research_icsg/schuyler/usr/texlive/2012/texmf-dist/tex/la
tex/amsmath/amsmath.sty
Package: amsmath 2013/01/14 v2.14 AMS math features
\@mathmargin=\skip51

For additional information on amsmath, use the `?' option.

(/ad/eng/research/eng_research_icsg/schuyler/usr/texlive/2012/texmf-dist/tex/la
tex/amsmath/amstext.sty
Package: amstext 2000/06/29 v2.01

(/ad/eng/research/eng_research_icsg/schuyler/usr/texlive/2012/texmf-dist/tex/la
tex/amsmath/amsgen.sty
File: amsgen.sty 1999/11/30 v2.0
\@emptytoks=\toks29
\ex@=\dimen174
))
(/ad/eng/research/eng_research_icsg/schuyler/usr/texlive/2012/texmf-dist/tex/la
tex/amsmath/amsbsy.sty
Package: amsbsy 1999/11/29 v1.2d
\pmbraise@=\dimen175
)
(/ad/eng/research/eng_research_icsg/schuyler/usr/texlive/2012/texmf-dist/tex/la
tex/amsmath/amsopn.sty
Package: amsopn 1999/12/14 v2.01 operator names
)
\inf@bad=\count140
LaTeX Info: Redefining \frac on input line 210.
\uproot@=\count141
\leftroot@=\count142
LaTeX Info: Redefining \overline on input line 306.
\classnum@=\count143
\DOTSCASE@=\count144
LaTeX Info: Redefining \ldots on input line 378.
LaTeX Info: Redefining \dots on input line 381.
LaTeX Info: Redefining \cdots on input line 466.
\Mathstrutbox@=\box51
\strutbox@=\box52
\big@size=\dimen176
LaTeX Font Info:    Redeclaring font encoding OML on input line 566.
LaTeX Font Info:    Redeclaring font encoding OMS on input line 567.
\macc@depth=\count145
\c@MaxMatrixCols=\count146
\dotsspace@=\muskip11
\c@parentequation=\count147
\dspbrk@lvl=\count148
\tag@help=\toks30
\row@=\count149
\column@=\count150
\maxfields@=\count151
\andhelp@=\toks31
\eqnshift@=\dimen177
\alignsep@=\dimen178
\tagshift@=\dimen179
\tagwidth@=\dimen180
\totwidth@=\dimen181
\lineht@=\dimen182
\@envbody=\toks32
\multlinegap=\skip52
\multlinetaggap=\skip53
\mathdisplay@stack=\toks33
LaTeX Info: Redefining \[ on input line 2665.
LaTeX Info: Redefining \] on input line 2666.
)
(/ad/eng/research/eng_research_icsg/schuyler/usr/texlive/2012/texmf-dist/tex/la
tex/amscls/amsthm.sty
Package: amsthm 2004/08/06 v2.20
\thm@style=\toks34
\thm@bodyfont=\toks35
\thm@headfont=\toks36
\thm@notefont=\toks37
\thm@headpunct=\toks38
\thm@preskip=\skip54
\thm@postskip=\skip55
\thm@headsep=\skip56
\dth@everypar=\toks39
)
\c@theorem=\count152
)
(/ad/eng/research/eng_research_icsg/schuyler/usr/texlive/2012/texmf-dist/tex/la
tex/beamer/beamerbasethemes.sty
Package: beamerbasethemes 2010/05/01  (rcs-revision efa082c6111d)
))
(/ad/eng/research/eng_research_icsg/schuyler/usr/texlive/2012/texmf-dist/tex/la
tex/beamer/themes/theme/beamerthemedefault.sty
Package: beamerthemedefault 2010/06/17  (rcs-revision d02a7cf4d8ae)

(/ad/eng/research/eng_research_icsg/schuyler/usr/texlive/2012/texmf-dist/tex/la
tex/beamer/themes/font/beamerfontthemedefault.sty
Package: beamerfontthemedefault 2012/12/19  (rcs-revision 1686da3db3c9)
)
(/ad/eng/research/eng_research_icsg/schuyler/usr/texlive/2012/texmf-dist/tex/la
tex/beamer/themes/color/beamercolorthemedefault.sty
Package: beamercolorthemedefault 2012/12/19  (rcs-revision 1686da3db3c9)
)
(/ad/eng/research/eng_research_icsg/schuyler/usr/texlive/2012/texmf-dist/tex/la
tex/beamer/themes/inner/beamerinnerthemedefault.sty
Package: beamerinnerthemedefault 2012/05/01  (rcs-revision 67c48b3b652d)
\beamer@dima=\dimen183
\beamer@dimb=\dimen184
)
(/ad/eng/research/eng_research_icsg/schuyler/usr/texlive/2012/texmf-dist/tex/la
tex/beamer/themes/outer/beamerouterthemedefault.sty
Package: beamerouterthemedefault 2012/12/19  (rcs-revision 1686da3db3c9)
)))
(/ad/eng/research/eng_research_icsg/schuyler/usr/texlive/2012/texmf-dist/tex/la
tex/beamer/themes/theme/beamerthemeDarmstadt.sty
Package: beamerthemeDarmstadt 2010/06/17  (rcs-revision d02a7cf4d8ae)

(/ad/eng/research/eng_research_icsg/schuyler/usr/texlive/2012/texmf-dist/tex/la
tex/beamer/themes/outer/beamerouterthemesmoothbars.sty
Package: beamerouterthemesmoothbars 2010/06/17  (rcs-revision d02a7cf4d8ae)
)
(/ad/eng/research/eng_research_icsg/schuyler/usr/texlive/2012/texmf-dist/tex/la
tex/beamer/themes/inner/beamerinnerthemerounded.sty
Package: beamerinnerthemerounded 2010/06/17  (rcs-revision d02a7cf4d8ae)
)
(/ad/eng/research/eng_research_icsg/schuyler/usr/texlive/2012/texmf-dist/tex/la
tex/beamer/themes/color/beamercolorthemeorchid.sty
Package: beamercolorthemeorchid 2010/06/17  (rcs-revision d02a7cf4d8ae)
)
(/ad/eng/research/eng_research_icsg/schuyler/usr/texlive/2012/texmf-dist/tex/la
tex/beamer/themes/color/beamercolorthemewhale.sty
Package: beamercolorthemewhale 2010/06/17  (rcs-revision d02a7cf4d8ae)
))
(/ad/eng/research/eng_research_icsg/schuyler/usr/texlive/2012/texmf-dist/tex/la
tex/beamer/themes/font/beamerfontthemeprofessionalfonts.sty
Package: beamerfontthemeprofessionalfonts 2010/06/17  (rcs-revision d02a7cf4d8a
e)
)
(/ad/eng/research/eng_research_icsg/schuyler/usr/texlive/2012/texmf-dist/tex/ge
neric/babel/babel.sty
Package: babel 2008/07/08 v3.8m The Babel package

(/ad/eng/research/eng_research_icsg/schuyler/usr/texlive/2012/texmf-dist/tex/ge
neric/babel/english.ldf
Language: english 2005/03/30 v3.3o English support from the babel system

(/ad/eng/research/eng_research_icsg/schuyler/usr/texlive/2012/texmf-dist/tex/ge
neric/babel/babel.def
File: babel.def 2008/07/08 v3.8m Babel common definitions
LaTeX Info: Redefining \textlatin on input line 82.
\babel@savecnt=\count153
\U@D=\dimen185
)
\l@canadian = a dialect from \language\l@american 
\l@australian = a dialect from \language\l@british 
\l@newzealand = a dialect from \language\l@british 
))
(/ad/eng/research/eng_research_icsg/schuyler/usr/texlive/2012/texmf-dist/tex/la
tex/base/inputenc.sty
Package: inputenc 2008/03/30 v1.1d Input encoding file
\inpenc@prehook=\toks40
\inpenc@posthook=\toks41

(/ad/eng/research/eng_research_icsg/schuyler/usr/texlive/2012/texmf-dist/tex/la
tex/base/latin1.def
File: latin1.def 2008/03/30 v1.1d Input encoding file
))
(/ad/eng/research/eng_research_icsg/schuyler/usr/texlive/2012/texmf-dist/tex/la
tex/psnfss/times.sty
Package: times 2005/04/12 PSNFSS-v9.2a (SPQR) 
)
(/ad/eng/research/eng_research_icsg/schuyler/usr/texlive/2012/texmf-dist/tex/la
tex/base/fontenc.sty
Package: fontenc 2005/09/27 v1.99g Standard LaTeX package

(/ad/eng/research/eng_research_icsg/schuyler/usr/texlive/2012/texmf-dist/tex/la
tex/base/t1enc.def
File: t1enc.def 2005/09/27 v1.99g Standard LaTeX file
LaTeX Font Info:    Redeclaring font encoding T1 on input line 43.
))
(/ad/eng/research/eng_research_icsg/schuyler/usr/texlive/2012/texmf-dist/tex/la
tex/libertine/libertine.sty
Package: libertine 2013/02/13 (Bob Tennent) Supports Libertine and Biolinum fon
ts for all LaTeX engines.

(/ad/eng/research/eng_research_icsg/schuyler/usr/texlive/2012/texmf-dist/tex/la
tex/xkeyval/xkeyval.sty
Package: xkeyval 2012/10/14 v2.6b package option processing (HA)

(/ad/eng/research/eng_research_icsg/schuyler/usr/texlive/2012/texmf-dist/tex/ge
neric/xkeyval/xkeyval.tex
\XKV@toks=\toks42
\XKV@tempa@toks=\toks43
\XKV@depth=\count154
File: xkeyval.tex 2012/10/14 v2.6b key=value parser (HA)
))
(/ad/eng/research/eng_research_icsg/schuyler/usr/texlive/2012/texmf-dist/tex/la
tex/base/textcomp.sty
Package: textcomp 2005/09/27 v1.99g Standard LaTeX package
Package textcomp Info: Sub-encoding information:
(textcomp)               5 = only ISO-Adobe without \textcurrency
(textcomp)               4 = 5 + \texteuro
(textcomp)               3 = 4 + \textohm
(textcomp)               2 = 3 + \textestimated + \textcurrency
(textcomp)               1 = TS1 - \textcircled - \t
(textcomp)               0 = TS1 (full)
(textcomp)             Font families with sub-encoding setting implement
(textcomp)             only a restricted character set as indicated.
(textcomp)             Family '?' is the default used for unknown fonts.
(textcomp)             See the documentation for details.
Package textcomp Info: Setting ? sub-encoding to TS1/1 on input line 71.

(/ad/eng/research/eng_research_icsg/schuyler/usr/texlive/2012/texmf-dist/tex/la
tex/base/ts1enc.def
File: ts1enc.def 2001/06/05 v3.0e (jk/car/fm) Standard LaTeX file
)
LaTeX Info: Redefining \oldstylenums on input line 266.
Package textcomp Info: Setting cmr sub-encoding to TS1/0 on input line 281.
Package textcomp Info: Setting cmss sub-encoding to TS1/0 on input line 282.
Package textcomp Info: Setting cmtt sub-encoding to TS1/0 on input line 283.
Package textcomp Info: Setting cmvtt sub-encoding to TS1/0 on input line 284.
Package textcomp Info: Setting cmbr sub-encoding to TS1/0 on input line 285.
Package textcomp Info: Setting cmtl sub-encoding to TS1/0 on input line 286.
Package textcomp Info: Setting ccr sub-encoding to TS1/0 on input line 287.
Package textcomp Info: Setting ptm sub-encoding to TS1/4 on input line 288.
Package textcomp Info: Setting pcr sub-encoding to TS1/4 on input line 289.
Package textcomp Info: Setting phv sub-encoding to TS1/4 on input line 290.
Package textcomp Info: Setting ppl sub-encoding to TS1/3 on input line 291.
Package textcomp Info: Setting pag sub-encoding to TS1/4 on input line 292.
Package textcomp Info: Setting pbk sub-encoding to TS1/4 on input line 293.
Package textcomp Info: Setting pnc sub-encoding to TS1/4 on input line 294.
Package textcomp Info: Setting pzc sub-encoding to TS1/4 on input line 295.
Package textcomp Info: Setting bch sub-encoding to TS1/4 on input line 296.
Package textcomp Info: Setting put sub-encoding to TS1/5 on input line 297.
Package textcomp Info: Setting uag sub-encoding to TS1/5 on input line 298.
Package textcomp Info: Setting ugq sub-encoding to TS1/5 on input line 299.
Package textcomp Info: Setting ul8 sub-encoding to TS1/4 on input line 300.
Package textcomp Info: Setting ul9 sub-encoding to TS1/4 on input line 301.
Package textcomp Info: Setting augie sub-encoding to TS1/5 on input line 302.
Package textcomp Info: Setting dayrom sub-encoding to TS1/3 on input line 303.
Package textcomp Info: Setting dayroms sub-encoding to TS1/3 on input line 304.

Package textcomp Info: Setting pxr sub-encoding to TS1/0 on input line 305.
Package textcomp Info: Setting pxss sub-encoding to TS1/0 on input line 306.
Package textcomp Info: Setting pxtt sub-encoding to TS1/0 on input line 307.
Package textcomp Info: Setting txr sub-encoding to TS1/0 on input line 308.
Package textcomp Info: Setting txss sub-encoding to TS1/0 on input line 309.
Package textcomp Info: Setting txtt sub-encoding to TS1/0 on input line 310.
Package textcomp Info: Setting lmr sub-encoding to TS1/0 on input line 311.
Package textcomp Info: Setting lmdh sub-encoding to TS1/0 on input line 312.
Package textcomp Info: Setting lmss sub-encoding to TS1/0 on input line 313.
Package textcomp Info: Setting lmssq sub-encoding to TS1/0 on input line 314.
Package textcomp Info: Setting lmvtt sub-encoding to TS1/0 on input line 315.
Package textcomp Info: Setting qhv sub-encoding to TS1/0 on input line 316.
Package textcomp Info: Setting qag sub-encoding to TS1/0 on input line 317.
Package textcomp Info: Setting qbk sub-encoding to TS1/0 on input line 318.
Package textcomp Info: Setting qcr sub-encoding to TS1/0 on input line 319.
Package textcomp Info: Setting qcs sub-encoding to TS1/0 on input line 320.
Package textcomp Info: Setting qpl sub-encoding to TS1/0 on input line 321.
Package textcomp Info: Setting qtm sub-encoding to TS1/0 on input line 322.
Package textcomp Info: Setting qzc sub-encoding to TS1/0 on input line 323.
Package textcomp Info: Setting qhvc sub-encoding to TS1/0 on input line 324.
Package textcomp Info: Setting futs sub-encoding to TS1/4 on input line 325.
Package textcomp Info: Setting futx sub-encoding to TS1/4 on input line 326.
Package textcomp Info: Setting futj sub-encoding to TS1/4 on input line 327.
Package textcomp Info: Setting hlh sub-encoding to TS1/3 on input line 328.
Package textcomp Info: Setting hls sub-encoding to TS1/3 on input line 329.
Package textcomp Info: Setting hlst sub-encoding to TS1/3 on input line 330.
Package textcomp Info: Setting hlct sub-encoding to TS1/5 on input line 331.
Package textcomp Info: Setting hlx sub-encoding to TS1/5 on input line 332.
Package textcomp Info: Setting hlce sub-encoding to TS1/5 on input line 333.
Package textcomp Info: Setting hlcn sub-encoding to TS1/5 on input line 334.
Package textcomp Info: Setting hlcw sub-encoding to TS1/5 on input line 335.
Package textcomp Info: Setting hlcf sub-encoding to TS1/5 on input line 336.
Package textcomp Info: Setting pplx sub-encoding to TS1/3 on input line 337.
Package textcomp Info: Setting pplj sub-encoding to TS1/3 on input line 338.
Package textcomp Info: Setting ptmx sub-encoding to TS1/4 on input line 339.
Package textcomp Info: Setting ptmj sub-encoding to TS1/4 on input line 340.
)
(/ad/eng/research/eng_research_icsg/schuyler/usr/texlive/2012/texmf-dist/tex/la
tex/base/fontenc.sty
Package: fontenc 2005/09/27 v1.99g Standard LaTeX package
)
(/ad/eng/research/eng_research_icsg/schuyler/usr/texlive/2012/texmf-dist/tex/la
tex/fontaxes/fontaxes.sty
Package: fontaxes 2011/12/16 v1.0c Font selection axes
LaTeX Info: Redefining \upshape on input line 29.
LaTeX Info: Redefining \itshape on input line 31.
LaTeX Info: Redefining \slshape on input line 33.
LaTeX Info: Redefining \scshape on input line 37.
)
LaTeX Info: Redefining \oldstylenums on input line 439.

(/ad/eng/research/eng_research_icsg/schuyler/usr/texlive/2012/texmf-dist/tex/la
tex/libertine/LinLibertine_I.tex))
(/ad/eng/research/eng_research_icsg/schuyler/usr/texlive/2012/texmf-dist/tex/la
tex/biblatex/biblatex.sty
Package: biblatex 2013/01/10 v2.5 programmable bibliographies (PK/JW/AB)


Package biblatex Warning: No "backend" specified, using Biber backend.
(biblatex)                To use BibTeX, load biblatex with 
(biblatex)                the "backend=bibtex" option.


(/ad/eng/research/eng_research_icsg/schuyler/usr/texlive/2012/texmf-dist/tex/la
tex/biblatex/biblatex2.sty
Package: biblatex2 2013/01/10 v2.5 programmable bibliographies (biber) (PK/JW/A
B)

(/ad/eng/research/eng_research_icsg/schuyler/usr/texlive/2012/texmf-dist/tex/la
tex/etoolbox/etoolbox.sty
Package: etoolbox 2011/01/03 v2.1 e-TeX tools for LaTeX

(/ad/eng/research/eng_research_icsg/schuyler/usr/texlive/2012/texmf-dist/tex/la
tex/etex-pkg/etex.sty
Package: etex 1998/03/26 v2.0 eTeX basic definition package (PEB)
\et@xins=\count155
)
\etb@tempcnta=\count156
)
(/ad/eng/research/eng_research_icsg/schuyler/usr/texlive/2012/texmf-dist/tex/la
tex/logreq/logreq.sty
Package: logreq 2010/08/04 v1.0 xml request logger
\lrq@indent=\count157

(/ad/eng/research/eng_research_icsg/schuyler/usr/texlive/2012/texmf-dist/tex/la
tex/logreq/logreq.def
File: logreq.def 2010/08/04 v1.0 logreq spec v1.0
))
(/ad/eng/research/eng_research_icsg/schuyler/usr/texlive/2012/texmf-dist/tex/la
tex/base/ifthen.sty
Package: ifthen 2001/05/26 v1.1c Standard LaTeX ifthen package (DPC)
)
\c@tabx@nest=\count158
\c@listtotal=\count159
\c@listcount=\count160
\c@liststart=\count161
\c@liststop=\count162
\c@citecount=\count163
\c@citetotal=\count164
\c@multicitecount=\count165
\c@multicitetotal=\count166
\c@instcount=\count167
\c@maxnames=\count168
\c@minnames=\count169
\c@maxitems=\count170
\c@minitems=\count171
\c@citecounter=\count172
\c@savedcitecounter=\count173
\c@uniquelist=\count174
\c@uniquename=\count175
\c@refsection=\count176
\c@refsegment=\count177
\c@maxextratitle=\count178
\c@maxextratitleyear=\count179
\c@maxextrayear=\count180
\c@maxextraalpha=\count181
\c@abbrvpenalty=\count182
\c@highnamepenalty=\count183
\c@lownamepenalty=\count184
\c@maxparens=\count185
\c@parenlevel=\count186
\blx@tempcnta=\count187
\blx@tempcntb=\count188
\blx@tempcntc=\count189
\blx@maxsection=\count190
\blx@maxsegment@0=\count191
\blx@notetype=\count192
\blx@parenlevel@text=\count193
\blx@parenlevel@foot=\count194
\blx@sectionciteorder@0=\count195
\labelnumberwidth=\skip57
\labelalphawidth=\skip58
\shorthandwidth=\skip59
\biblabelsep=\skip60
\bibitemsep=\skip61
\bibnamesep=\skip62
\bibinitsep=\skip63
\bibparsep=\skip64
\bibhang=\skip65
\blx@bcfin=\read2
\blx@bcfout=\write5
\c@mincomprange=\count196
\c@maxcomprange=\count197
\c@mincompwidth=\count198
Package biblatex Info: Trying to load biblatex default data model...
Package biblatex Info: ... file 'blx-dm.def' found.

(/ad/eng/research/eng_research_icsg/schuyler/usr/texlive/2012/texmf-dist/tex/la
tex/biblatex/blx-dm.def)
Package biblatex Info: Trying to load biblatex custom data model...
Package biblatex Info: ... file 'biblatex-dm.cfg' not found.
\c@afterword=\count199
\c@savedafterword=\count200
\c@annotator=\count201
\c@savedannotator=\count202
\c@author=\count203
\c@savedauthor=\count204
\c@bookauthor=\count205
\c@savedbookauthor=\count206
\c@commentator=\count207
\c@savedcommentator=\count208
\c@editor=\count209
\c@savededitor=\count210
\c@editora=\count211
\c@savededitora=\count212
\c@editorb=\count213
\c@savededitorb=\count214
\c@editorc=\count215
\c@savededitorc=\count216
\c@foreword=\count217
\c@savedforeword=\count218
\c@holder=\count219
\c@savedholder=\count220
\c@introduction=\count221
\c@savedintroduction=\count222
\c@namea=\count223
\c@savednamea=\count224
\c@nameb=\count225
\c@savednameb=\count226
\c@namec=\count227
\c@savednamec=\count228
\c@shortauthor=\count229
\c@savedshortauthor=\count230
\c@shorteditor=\count231
\c@savedshorteditor=\count232
\c@translator=\count233
Normal \count register pool exhausted, switching to extended pool.
\c@savedtranslator=\count277
\c@labelname=\count278
\c@savedlabelname=\count279
\c@institution=\count280
\c@savedinstitution=\count281
\c@lista=\count282
\c@savedlista=\count283
\c@listb=\count284
\c@savedlistb=\count285
\c@listc=\count286
\c@savedlistc=\count287
\c@listd=\count288
\c@savedlistd=\count289
\c@liste=\count290
\c@savedliste=\count291
\c@listf=\count292
\c@savedlistf=\count293
\c@location=\count294
\c@savedlocation=\count295
\c@organization=\count296
\c@savedorganization=\count297
\c@origlocation=\count298
\c@savedoriglocation=\count299
\c@origpublisher=\count300
\c@savedorigpublisher=\count301
\c@publisher=\count302
\c@savedpublisher=\count303
\c@language=\count304
\c@savedlanguage=\count305
\c@pageref=\count306
\c@savedpageref=\count307
Package biblatex Info: Trying to load compatibility code...
Package biblatex Info: ... file 'blx-compat.def' found.

(/ad/eng/research/eng_research_icsg/schuyler/usr/texlive/2012/texmf-dist/tex/la
tex/biblatex/blx-compat.def
File: blx-compat.def 2013/01/10 v2.5 biblatex compatibility (PK/JW/AB)
)
Package biblatex Info: Trying to load generic definitions...
Package biblatex Info: ... file 'biblatex.def' found.

(/ad/eng/research/eng_research_icsg/schuyler/usr/texlive/2012/texmf-dist/tex/la
tex/biblatex/biblatex.def
File: biblatex.def 
\c@biburlnumpenalty=\count308
\c@biburlucpenalty=\count309
\c@biburllcpenalty=\count310
\c@smartand=\count311
)
Package biblatex Info: Trying to load bibliography style 'numeric'...
Package biblatex Info: ... file 'numeric.bbx' found.

(/ad/eng/research/eng_research_icsg/schuyler/usr/texlive/2012/texmf-dist/tex/la
tex/biblatex/bbx/numeric.bbx
File: numeric.bbx 2013/01/10 v2.5 biblatex bibliography style (PK/JW/AB)
Package biblatex Info: Trying to load bibliography style 'standard'...
Package biblatex Info: ... file 'standard.bbx' found.

(/ad/eng/research/eng_research_icsg/schuyler/usr/texlive/2012/texmf-dist/tex/la
tex/biblatex/bbx/standard.bbx
File: standard.bbx 2013/01/10 v2.5 biblatex bibliography style (PK/JW/AB)
\c@bbx:relatedcount=\count312
\c@bbx:relatedtotal=\count313
))
Package biblatex Info: Trying to load citation style 'numeric'...
Package biblatex Info: ... file 'numeric.cbx' found.

(/ad/eng/research/eng_research_icsg/schuyler/usr/texlive/2012/texmf-dist/tex/la
tex/biblatex/cbx/numeric.cbx
File: numeric.cbx 2013/01/10 v2.5 biblatex citation style (PK/JW/AB)
Package biblatex Info: Redefining '\cite'.
Package biblatex Info: Redefining '\parencite'.
Package biblatex Info: Redefining '\footcite'.
Package biblatex Info: Redefining '\footcitetext'.
Package biblatex Info: Redefining '\smartcite'.
Package biblatex Info: Redefining '\textcite'.
Package biblatex Info: Redefining '\supercite'.
Package biblatex Info: Redefining '\cites'.
Package biblatex Info: Redefining '\parencites'.
Package biblatex Info: Redefining '\smartcites'.
)
Package biblatex Info: Trying to load configuration file...
Package biblatex Info: ... file 'biblatex.cfg' found.

(/ad/eng/research/eng_research_icsg/schuyler/usr/texlive/2012/texmf-dist/tex/la
tex/biblatex/biblatex.cfg
File: biblatex.cfg 
)))
(/ad/eng/research/eng_research_icsg/schuyler/usr/texlive/2012/texmf-dist/tex/la
tex/oberdiek/epstopdf.sty
Package: epstopdf 2010/02/09 v2.5 Conversion with epstopdf on the fly (HO)

(/ad/eng/research/eng_research_icsg/schuyler/usr/texlive/2012/texmf-dist/tex/la
tex/oberdiek/epstopdf-base.sty
Package: epstopdf-base 2010/02/09 v2.5 Base part for package epstopdf

(/ad/eng/research/eng_research_icsg/schuyler/usr/texlive/2012/texmf-dist/tex/la
tex/oberdiek/grfext.sty
Package: grfext 2010/08/19 v1.1 Manage graphics extensions (HO)
)
Package grfext Info: Graphics extension search list:
(grfext)             [.png,.pdf,.jpg,.mps,.jpeg,.jbig2,.jb2,.PNG,.PDF,.JPG,.JPE
G,.JBIG2,.JB2,.eps]
(grfext)             \AppendGraphicsExtensions on input line 452.

(/ad/eng/research/eng_research_icsg/schuyler/usr/texlive/2012/texmf-dist/tex/la
tex/latexconfig/epstopdf-sys.cfg
File: epstopdf-sys.cfg 2010/07/13 v1.3 Configuration of (r)epstopdf for TeX Liv
e
)))
(/ad/eng/research/eng_research_icsg/schuyler/usr/texlive/2012/texmf-dist/tex/la
tex/tools/tabularx.sty
Package: tabularx 1999/01/07 v2.07 `tabularx' package (DPC)

(/ad/eng/research/eng_research_icsg/schuyler/usr/texlive/2012/texmf-dist/tex/la
tex/tools/array.sty
Package: array 2008/09/09 v2.4c Tabular extension package (FMi)
\col@sep=\dimen186
\extrarowheight=\dimen187
\NC@list=\toks44
\extratabsurround=\skip66
\backup@length=\skip67
)
\TX@col@width=\dimen188
\TX@old@table=\dimen189
\TX@old@col=\dimen190
\TX@target=\dimen191
\TX@delta=\dimen192
\TX@cols=\count314
\TX@ftn=\toks45
)
(/ad/eng/research/eng_research_icsg/schuyler/usr/texlive/2012/texmf-dist/tex/la
tex/pgf/frontendlayer/tikz.sty
(/ad/eng/research/eng_research_icsg/schuyler/usr/texlive/2012/texmf-dist/tex/la
tex/pgf/basiclayer/pgf.sty
Package: pgf 2008/01/15 v2.10 (rcs-revision 1.12)

(/ad/eng/research/eng_research_icsg/schuyler/usr/texlive/2012/texmf-dist/tex/ge
neric/pgf/modules/pgfmoduleshapes.code.tex
File: pgfmoduleshapes.code.tex 2010/09/09  (rcs-revision 1.13)
\pgfnodeparttextbox=\box53
)
(/ad/eng/research/eng_research_icsg/schuyler/usr/texlive/2012/texmf-dist/tex/ge
neric/pgf/modules/pgfmoduleplot.code.tex
File: pgfmoduleplot.code.tex 2010/10/22  (rcs-revision 1.8)
)
(/ad/eng/research/eng_research_icsg/schuyler/usr/texlive/2012/texmf-dist/tex/la
tex/pgf/compatibility/pgfcomp-version-0-65.sty
Package: pgfcomp-version-0-65 2007/07/03 v2.10 (rcs-revision 1.7)
\pgf@nodesepstart=\dimen193
\pgf@nodesepend=\dimen194
)
(/ad/eng/research/eng_research_icsg/schuyler/usr/texlive/2012/texmf-dist/tex/la
tex/pgf/compatibility/pgfcomp-version-1-18.sty
Package: pgfcomp-version-1-18 2007/07/23 v2.10 (rcs-revision 1.1)
))
(/ad/eng/research/eng_research_icsg/schuyler/usr/texlive/2012/texmf-dist/tex/la
tex/pgf/utilities/pgffor.sty
(/ad/eng/research/eng_research_icsg/schuyler/usr/texlive/2012/texmf-dist/tex/la
tex/pgf/utilities/pgfkeys.sty
(/ad/eng/research/eng_research_icsg/schuyler/usr/texlive/2012/texmf-dist/tex/ge
neric/pgf/utilities/pgfkeys.code.tex))
(/ad/eng/research/eng_research_icsg/schuyler/usr/texlive/2012/texmf-dist/tex/ge
neric/pgf/utilities/pgffor.code.tex
Package: pgffor 2010/03/23 v2.10 (rcs-revision 1.18)
\pgffor@iter=\dimen195
\pgffor@skip=\dimen196
\pgffor@stack=\toks46
\pgffor@toks=\toks47
))
(/ad/eng/research/eng_research_icsg/schuyler/usr/texlive/2012/texmf-dist/tex/ge
neric/pgf/frontendlayer/tikz/tikz.code.tex
Package: tikz 2010/10/13 v2.10 (rcs-revision 1.76)

(/ad/eng/research/eng_research_icsg/schuyler/usr/texlive/2012/texmf-dist/tex/ge
neric/pgf/libraries/pgflibraryplothandlers.code.tex
File: pgflibraryplothandlers.code.tex 2010/05/31 v2.10 (rcs-revision 1.15)
\pgf@plot@mark@count=\count315
\pgfplotmarksize=\dimen197
)
\tikz@lastx=\dimen198
\tikz@lasty=\dimen199
\tikz@lastxsaved=\dimen200
\tikz@lastysaved=\dimen201
\tikzleveldistance=\dimen202
\tikzsiblingdistance=\dimen203
\tikz@figbox=\box54
\tikz@tempbox=\box55
\tikztreelevel=\count316
\tikznumberofchildren=\count317
\tikznumberofcurrentchild=\count318
\tikz@fig@count=\count319

(/ad/eng/research/eng_research_icsg/schuyler/usr/texlive/2012/texmf-dist/tex/ge
neric/pgf/modules/pgfmodulematrix.code.tex
File: pgfmodulematrix.code.tex 2010/08/24  (rcs-revision 1.4)
\pgfmatrixcurrentrow=\count320
\pgfmatrixcurrentcolumn=\count321
\pgf@matrix@numberofcolumns=\count322
)
\tikz@expandcount=\count323

(/ad/eng/research/eng_research_icsg/schuyler/usr/texlive/2012/texmf-dist/tex/ge
neric/pgf/frontendlayer/tikz/libraries/tikzlibrarytopaths.code.tex
File: tikzlibrarytopaths.code.tex 2008/06/17 v2.10 (rcs-revision 1.2)
)))
(/ad/eng/research/eng_research_icsg/schuyler/usr/texlive/2012/texmf-dist/tex/ge
neric/pgf/frontendlayer/tikz/libraries/tikzlibraryarrows.code.tex
File: tikzlibraryarrows.code.tex 2008/01/09 v2.10 (rcs-revision 1.1)

(/ad/eng/research/eng_research_icsg/schuyler/usr/texlive/2012/texmf-dist/tex/ge
neric/pgf/libraries/pgflibraryarrows.code.tex
File: pgflibraryarrows.code.tex 2008/10/27 v2.10 (rcs-revision 1.9)
\arrowsize=\dimen204
))
LaTeX Font Info:    Try loading font information for T1+LinuxBiolinumT-TLF on i
nput line 78.

(/ad/eng/research/eng_research_icsg/schuyler/usr/texlive/2012/texmf-dist/tex/la
tex/libertine/T1LinuxBiolinumT-TLF.fd
File: T1LinuxBiolinumT-TLF.fd 2012/11/26 (autoinst) Font definitions for T1/Lin
uxBiolinumT-TLF.
)
LaTeX Font Info:    Font shape `T1/LinuxBiolinumT-TLF/m/n' will be
(Font)              scaled to size 10.95pt on input line 78.
LaTeX Font Info:    Font shape `T1/LinuxBiolinumT-TLF/m/sc' will be
(Font)              scaled to size 10.95pt on input line 78.
Package biblatex Info: Trying to load language 'english'...
Package biblatex Info: ... file 'english.lbx' found.

(/ad/eng/research/eng_research_icsg/schuyler/usr/texlive/2012/texmf-dist/tex/la
tex/biblatex/lbx/english.lbx
File: english.lbx 2013/01/10 v2.5 biblatex localization (PK/JW/AB)
)

Package biblatex Warning: Patching footnotes failed.
(biblatex)                Footnote detection will not work.


Package biblatex Warning: 'babel' detected but 'csquotes' missing.
(biblatex)                Loading 'csquotes' recommended.

\@quotelevel=\count324
\@quotereset=\count325
(./updates.aux)
\openout1 = `updates.aux'.

LaTeX Font Info:    Checking defaults for OML/cmm/m/it on input line 104.
LaTeX Font Info:    ... okay on input line 104.
LaTeX Font Info:    Checking defaults for T1/cmr/m/n on input line 104.
LaTeX Font Info:    ... okay on input line 104.
LaTeX Font Info:    Checking defaults for OT1/cmr/m/n on input line 104.
LaTeX Font Info:    ... okay on input line 104.
LaTeX Font Info:    Checking defaults for OMS/cmsy/m/n on input line 104.
LaTeX Font Info:    ... okay on input line 104.
LaTeX Font Info:    Checking defaults for OMX/cmex/m/n on input line 104.
LaTeX Font Info:    ... okay on input line 104.
LaTeX Font Info:    Checking defaults for U/cmr/m/n on input line 104.
LaTeX Font Info:    ... okay on input line 104.
LaTeX Font Info:    Checking defaults for PD1/pdf/m/n on input line 104.
LaTeX Font Info:    ... okay on input line 104.
LaTeX Font Info:    Checking defaults for TS1/cmr/m/n on input line 104.
LaTeX Font Info:    Try loading font information for TS1+cmr on input line 104.


(/ad/eng/research/eng_research_icsg/schuyler/usr/texlive/2012/texmf-dist/tex/la
tex/base/ts1cmr.fd
File: ts1cmr.fd 1999/05/25 v2.5h Standard LaTeX font definitions
)
LaTeX Font Info:    ... okay on input line 104.

*geometry* driver: auto-detecting
*geometry* detected driver: pdftex
*geometry* verbose mode - [ preamble ] result:
* driver: pdftex
* paper: custom
* layout: <same size as paper>
* layoutoffset:(h,v)=(0.0pt,0.0pt)
* modes: includehead includefoot 
* h-part:(L,W,R)=(28.45274pt, 307.28987pt, 28.45274pt)
* v-part:(T,H,B)=(0.0pt, 273.14662pt, 0.0pt)
* \paperwidth=364.19536pt
* \paperheight=273.14662pt
* \textwidth=307.28987pt
* \textheight=244.6939pt
* \oddsidemargin=-43.81725pt
* \evensidemargin=-43.81725pt
* \topmargin=-72.26999pt
* \headheight=14.22636pt
* \headsep=0.0pt
* \topskip=11.0pt
* \footskip=14.22636pt
* \marginparwidth=4.0pt
* \marginparsep=10.0pt
* \columnsep=10.0pt
* \skip\footins=10.0pt plus 4.0pt minus 2.0pt
* \hoffset=0.0pt
* \voffset=0.0pt
* \mag=1000
* \@twocolumnfalse
* \@twosidefalse
* \@mparswitchfalse
* \@reversemarginfalse
* (1in=72.27pt=25.4mm, 1cm=28.453pt)


(/ad/eng/research/eng_research_icsg/schuyler/usr/texlive/2012/texmf-dist/tex/co
ntext/base/supp-pdf.mkii
[Loading MPS to PDF converter (version 2006.09.02).]
\scratchcounter=\count326
\scratchdimen=\dimen205
\scratchbox=\box56
\nofMPsegments=\count327
\nofMParguments=\count328
\everyMPshowfont=\toks48
\MPscratchCnt=\count329
\MPscratchDim=\dimen206
\MPnumerator=\count330
\makeMPintoPDFobject=\count331
\everyMPtoPDFconversion=\toks49
) ABD: EveryShipout initializing macros
\AtBeginShipoutBox=\box57
Package hyperref Info: Link coloring OFF on input line 104.

(/ad/eng/research/eng_research_icsg/schuyler/usr/texlive/2012/texmf-dist/tex/la
tex/hyperref/nameref.sty
Package: nameref 2012/10/27 v2.43 Cross-referencing by name of section

(/ad/eng/research/eng_research_icsg/schuyler/usr/texlive/2012/texmf-dist/tex/ge
neric/oberdiek/gettitlestring.sty
Package: gettitlestring 2010/12/03 v1.4 Cleanup title references (HO)
)
\c@section@level=\count332
)
LaTeX Info: Redefining \ref on input line 104.
LaTeX Info: Redefining \pageref on input line 104.
LaTeX Info: Redefining \nameref on input line 104.
 (./updates.out) (./updates.out)
\@outlinefile=\write6
\openout6 = `updates.out'.


(/ad/eng/research/eng_research_icsg/schuyler/usr/texlive/2012/texmf-dist/tex/la
tex/beamer/translator/dicts/translator-basic-dictionary/translator-basic-dictio
nary-English.dict
Dictionary: translator-basic-dictionary, Language: English 
)
(/ad/eng/research/eng_research_icsg/schuyler/usr/texlive/2012/texmf-dist/tex/la
tex/beamer/translator/dicts/translator-bibliography-dictionary/translator-bibli
ography-dictionary-English.dict
Dictionary: translator-bibliography-dictionary, Language: English 
)
(/ad/eng/research/eng_research_icsg/schuyler/usr/texlive/2012/texmf-dist/tex/la
tex/beamer/translator/dicts/translator-environment-dictionary/translator-enviro
nment-dictionary-English.dict
Dictionary: translator-environment-dictionary, Language: English 
)
(/ad/eng/research/eng_research_icsg/schuyler/usr/texlive/2012/texmf-dist/tex/la
tex/beamer/translator/dicts/translator-months-dictionary/translator-months-dict
ionary-English.dict
Dictionary: translator-months-dictionary, Language: English 
)
(/ad/eng/research/eng_research_icsg/schuyler/usr/texlive/2012/texmf-dist/tex/la
tex/beamer/translator/dicts/translator-numbers-dictionary/translator-numbers-di
ctionary-English.dict
Dictionary: translator-numbers-dictionary, Language: English 
)
(/ad/eng/research/eng_research_icsg/schuyler/usr/texlive/2012/texmf-dist/tex/la
tex/beamer/translator/dicts/translator-theorem-dictionary/translator-theorem-di
ctionary-English.dict
Dictionary: translator-theorem-dictionary, Language: English 
)
LaTeX Info: Redefining \includegraphics on input line 104.
LaTeX Font Info:    Font shape `T1/LinuxBiolinumT-TLF/m/n' will be
(Font)              scaled to size 6.0pt on input line 104.
\c@mv@tabular=\count333
\c@mv@boldtabular=\count334
Package biblatex Info: Input encoding 'latin1' detected.
Package biblatex Info: Automatic encoding selection.
(biblatex)             Assuming data encoding 'latin1'.
\openout5 = `updates.bcf'.

Package biblatex Info: Trying to load bibliographic data...
Package biblatex Info: ... file 'updates.bbl' found.
 (./updates.bbl)
Package biblatex Info: Reference section=0 on input line 104.
Package biblatex Info: Reference segment=0 on input line 104.
 (./updates.nav)
LaTeX Font Info:    Font shape `T1/LinuxBiolinumT-TLF/m/n' will be
(Font)              scaled to size 14.4pt on input line 108.
LaTeX Font Info:    Font shape `T1/LinuxBiolinumT-TLF/m/it' will be
(Font)              scaled to size 10.95pt on input line 108.
LaTeX Font Info:    Try loading font information for U+msa on input line 108.

(/ad/eng/research/eng_research_icsg/schuyler/usr/texlive/2012/texmf-dist/tex/la
tex/amsfonts/umsa.fd
File: umsa.fd 2013/01/14 v3.01 AMS symbols A
)
LaTeX Font Info:    Try loading font information for U+msb on input line 108.

(/ad/eng/research/eng_research_icsg/schuyler/usr/texlive/2012/texmf-dist/tex/la
tex/amsfonts/umsb.fd
File: umsb.fd 2013/01/14 v3.01 AMS symbols B
)
LaTeX Font Info:    Font shape `T1/LinuxBiolinumT-TLF/m/n' will be
(Font)              scaled to size 8.0pt on input line 108.
LaTeX Font Info:    Font shape `T1/LinuxBiolinumT-TLF/m/n' will be
(Font)              scaled to size 4.0pt on input line 108.
 [1{/ad/eng/research/eng_research_icsg/schuyler/usr/texlive/2012/texmf-var/font
s/map/pdftex/updmap/pdftex.map}

] (./updates.toc)
LaTeX Font Info:    Font shape `T1/LinuxBiolinumT-TLF/b/n' will be
(Font)              scaled to size 10.95pt on input line 112.
LaTeX Font Info:    Font shape `T1/LinuxBiolinumT-TLF/b/n' will be
(Font)              scaled to size 6.0pt on input line 112.
 [2

]
[3

] [4

] [5

] (./updates.toc) [6

] [7

] [8

] [9

] [10

] [11

] (./updates.toc) [12

]
[13

] [14

] [15

] [16

] [17

] [18

] [19

] [20

] [21

] [22

] [23

] [24

] [25

] [26

] [27

]
[28

] [29

]
LaTeX Font Info:    Font shape `T1/LinuxBiolinumT-TLF/m/n' will be
(Font)              scaled to size 10.0pt on input line 266.
 [30

] [31

] [32

] [33

] [34

] [35

] [36

] [37

] [38

] [39

] [40

] (./updates.toc) [41

] [42

] (./updates.toc) [43

]
<../img/metal1stdcells.PNG, id=1795, 478.78876pt x 398.23781pt>
File: ../img/metal1stdcells.PNG Graphic file (type png)

<use ../img/metal1stdcells.PNG>
Package pdftex.def Info: ../img/metal1stdcells.PNG used on input line 329.
(pdftex.def)             Requested size: 144.54pt x 120.21968pt.
 [44

 <../img/metal1stdcells.PNG>]
<../img/simpleexample.PNG, id=1834, 554.82281pt x 526.96875pt>
File: ../img/simpleexample.PNG Graphic file (type png)

<use ../img/simpleexample.PNG>
Package pdftex.def Info: ../img/simpleexample.PNG used on input line 337.
(pdftex.def)             Requested size: 144.54pt x 137.28203pt.

<../img/simpleexample2.PNG, id=1835, 452.4403pt x 399.74344pt>
File: ../img/simpleexample2.PNG Graphic file (type png)

<use ../img/simpleexample2.PNG>
Package pdftex.def Info: ../img/simpleexample2.PNG used on input line 337.
(pdftex.def)             Requested size: 144.54pt x 127.70091pt.
LaTeX Font Info:    Font shape `T1/LinuxBiolinumT-TLF/m/n' will be
(Font)              scaled to size 7.0pt on input line 337.
LaTeX Font Info:    Font shape `T1/LinuxBiolinumT-TLF/m/n' will be
(Font)              scaled to size 9.0pt on input line 337.
LaTeX Font Info:    Font shape `T1/LinuxBiolinumT-TLF/m/n' will be
(Font)              scaled to size 5.0pt on input line 337.
LaTeX Font Info:    Font shape `T1/LinuxBiolinumT-TLF/m/it' will be
(Font)              scaled to size 6.0pt on input line 337.
 [45

 <../img/simpleexample.PNG> <../img/simpleexample2.PNG>] (./updates.toc) [46

] [47

] [48

]
<../img/PUFFSM.PNG, id=1997, 831.85782pt x 386.94562pt>
File: ../img/PUFFSM.PNG Graphic file (type png)

<use ../img/PUFFSM.PNG>
Package pdftex.def Info: ../img/PUFFSM.PNG used on input line 375.
(pdftex.def)             Requested size: 289.07999pt x 134.46468pt.
 [49

 <../img/PUFFSM.PNG>] [50

] (./updates.toc) [51

]
<../img/metastability.PNG, id=2123, 564.60938pt x 255.95625pt>
File: ../img/metastability.PNG Graphic file (type png)

<use ../img/metastability.PNG>
Package pdftex.def Info: ../img/metastability.PNG used on input line 397.
(pdftex.def)             Requested size: 144.54pt x 65.52379pt.

<../img/laserstimulation.PNG, id=2124, 436.63126pt x 327.47343pt>
File: ../img/laserstimulation.PNG Graphic file (type png)

<use ../img/laserstimulation.PNG>
Package pdftex.def Info: ../img/laserstimulation.PNG used on input line 397.
(pdftex.def)             Requested size: 144.54pt x 108.40135pt.
 [52

 <../img/metastability.PNG> <../img/laserstimulation.PNG>] [53

] [54

] [55

] [56

]
<../img/ANDlayout.PNG, id=2313, 319.1925pt x 580.1675pt>
File: ../img/ANDlayout.PNG Graphic file (type png)

<use ../img/ANDlayout.PNG>
Package pdftex.def Info: ../img/ANDlayout.PNG used on input line 419.
(pdftex.def)             Requested size: 72.26999pt x 131.35535pt.

<../img/formatted.PNG, id=2314, 454.69875pt x 408.52625pt>
File: ../img/formatted.PNG Graphic file (type png)

<use ../img/formatted.PNG>
Package pdftex.def Info: ../img/formatted.PNG used on input line 419.
(pdftex.def)             Requested size: 72.26999pt x 64.92918pt.
 [57

 <../img/ANDlayout.PNG> <../img/formatted.PNG>]
Overfull \vbox (27.72006pt too high) detected at line 447
 []

[58

] [59

] [60

] [61

] [62

] (./updates.toc) [63

] [64

]
<../img/cds2python2cds.png, id=2621, 748.7975pt x 772.8875pt>
File: ../img/cds2python2cds.png Graphic file (type png)

<use ../img/cds2python2cds.png>
Package pdftex.def Info: ../img/cds2python2cds.png used on input line 478.
(pdftex.def)             Requested size: 144.54pt x 149.18521pt.
 [65

 <../img/cds2python2cds.png>]
<../img/enc2python.png, id=2658, 1018.80624pt x 903.375pt>
File: ../img/enc2python.png Graphic file (type png)

<use ../img/enc2python.png>
Package pdftex.def Info: ../img/enc2python.png used on input line 485.
(pdftex.def)             Requested size: 144.54pt x 128.15332pt.
 [66

 <../img/enc2python.png>]
Package epstopdf Info: Source file: <../img/gds2txt.eps>
(epstopdf)                    date: 2015-03-17 13:08:03
(epstopdf)                    size: 655423 bytes
(epstopdf)             Output file: <../img/gds2txt-eps-converted-to.pdf>
(epstopdf)                    date: 2015-03-17 13:10:52
(epstopdf)                    size: 147819 bytes
(epstopdf)             Command: <epstopdf --outfile=../img/gds2txt-eps-converte
d-to.pdf ../img/gds2txt.eps>
(epstopdf)             \includegraphics on input line 492.
Package epstopdf Info: Output file is already uptodate.

<../img/gds2txt-eps-converted-to.pdf, id=2695, 1359.0775pt x 714.67pt>
File: ../img/gds2txt-eps-converted-to.pdf Graphic file (type pdf)

<use ../img/gds2txt-eps-converted-to.pdf>
Package pdftex.def Info: ../img/gds2txt-eps-converted-to.pdf used on input line
 492.
(pdftex.def)             Requested size: 289.07999pt x 152.0044pt.
 [67

 <../img/gds2txt-eps-converted-to.pdf>] [68

]
\tf@nav=\write7
\openout7 = `updates.nav'.

\tf@toc=\write8
\openout8 = `updates.toc'.

\tf@snm=\write9
\openout9 = `updates.snm'.

Package atveryend Info: Empty hook `BeforeClearDocument' on input line 498.
Package atveryend Info: Empty hook `AfterLastShipout' on input line 498.
 (./updates.aux)
Package atveryend Info: Executing hook `AtVeryEndDocument' on input line 498.
Package atveryend Info: Executing hook `AtEndAfterFileList' on input line 498.
Package rerunfilecheck Info: File `updates.out' has not changed.
(rerunfilecheck)             Checksum: 9154585117B3442C2921EE5E36FF6398;780.
Package logreq Info: Writing requests to 'updates.run.xml'.
\openout1 = `updates.run.xml'.

Package atveryend Info: Empty hook `AtVeryVeryEnd' on input line 498.
 ) 
Here is how much of TeX's memory you used:
 25575 strings out of 493481
 498549 string characters out of 3125055
 876885 words of memory out of 3000000
 28136 multiletter control sequences out of 15000+200000
 82664 words of font info for 66 fonts, out of 3000000 for 9000
 957 hyphenation exceptions out of 8191
 49i,20n,73p,913b,2013s stack positions out of 5000i,500n,10000p,200000b,50000s
{/ad/eng/research/eng_research_icsg/schuyler/usr/texlive/2012/texmf-dist/font
s/enc/dvips/libertine/lbtn_25tcsq.enc}</ad/eng/research/eng_research_icsg/schuy
ler/usr/texlive/2012/texmf-dist/fonts/type1/public/libertine/LinBiolinumT.pfb><
/ad/eng/research/eng_research_icsg/schuyler/usr/texlive/2012/texmf-dist/fonts/t
ype1/public/libertine/LinBiolinumTB.pfb></ad/eng/research/eng_research_icsg/sch
uyler/usr/texlive/2012/texmf-dist/fonts/type1/public/libertine/LinBiolinumTI.pf
b></ad/eng/research/eng_research_icsg/schuyler/usr/texlive/2012/texmf-dist/font
s/type1/public/amsfonts/cm/cmr10.pfb></ad/eng/research/eng_research_icsg/schuyl
er/usr/texlive/2012/texmf-dist/fonts/type1/public/amsfonts/cm/cmr8.pfb></ad/eng
/research/eng_research_icsg/schuyler/usr/texlive/2012/texmf-dist/fonts/type1/pu
blic/amsfonts/cm/cmsy6.pfb></ad/eng/research/eng_research_icsg/schuyler/usr/tex
live/2012/texmf-dist/fonts/type1/public/amsfonts/cm/cmsy8.pfb>
Output written on updates.pdf (68 pages, 918078 bytes).
PDF statistics:
 2837 PDF objects out of 2984 (max. 8388607)
 2663 compressed objects within 27 object streams
 151 named destinations out of 1000 (max. 500000)
 280 words of extra memory for PDF output out of 10000 (max. 10000000)

