This is pdfTeX, Version 3.1415926-2.4-1.40.13 (TeX Live 2012) (format=pdflatex 2013.6.11)  13 FEB 2015 16:40
entering extended mode
 restricted \write18 enabled.
 %&-line parsing enabled.
**current.tex
(./current.tex
LaTeX2e <2011/06/27>
Babel <v3.8m> and hyphenation patterns for english, dumylang, nohyphenation, ge
rman-x-2012-05-30, ngerman-x-2012-05-30, afrikaans, ancientgreek, ibycus, arabi
c, armenian, basque, bulgarian, catalan, pinyin, coptic, croatian, czech, danis
h, dutch, ukenglish, usenglishmax, esperanto, estonian, ethiopic, farsi, finnis
h, french, friulan, galician, german, ngerman, swissgerman, monogreek, greek, h
ungarian, icelandic, assamese, bengali, gujarati, hindi, kannada, malayalam, ma
rathi, oriya, panjabi, tamil, telugu, indonesian, interlingua, irish, italian, 
kurmanji, latin, latvian, lithuanian, mongolian, mongolianlmc, bokmal, nynorsk,
 piedmontese, polish, portuguese, romanian, romansh, russian, sanskrit, serbian
, serbianc, slovak, slovenian, spanish, swedish, turkish, turkmen, ukrainian, u
ppersorbian, welsh, loaded.

(/ad/eng/research/eng_research_icsg/schuyler/usr/texlive/2012/texmf-dist/tex/la
tex/base/article.cls
Document Class: article 2007/10/19 v1.4h Standard LaTeX document class

(/ad/eng/research/eng_research_icsg/schuyler/usr/texlive/2012/texmf-dist/tex/la
tex/base/size10.clo
File: size10.clo 2007/10/19 v1.4h Standard LaTeX file (size option)
)
\c@part=\count79
\c@section=\count80
\c@subsection=\count81
\c@subsubsection=\count82
\c@paragraph=\count83
\c@subparagraph=\count84
\c@figure=\count85
\c@table=\count86
\abovecaptionskip=\skip41
\belowcaptionskip=\skip42
\bibindent=\dimen102
)
(/ad/eng/research/eng_research_icsg/schuyler/usr/texlive/2012/texmf-dist/tex/la
tex/graphics/graphicx.sty
Package: graphicx 1999/02/16 v1.0f Enhanced LaTeX Graphics (DPC,SPQR)

(/ad/eng/research/eng_research_icsg/schuyler/usr/texlive/2012/texmf-dist/tex/la
tex/graphics/keyval.sty
Package: keyval 1999/03/16 v1.13 key=value parser (DPC)
\KV@toks@=\toks14
)
(/ad/eng/research/eng_research_icsg/schuyler/usr/texlive/2012/texmf-dist/tex/la
tex/graphics/graphics.sty
Package: graphics 2009/02/05 v1.0o Standard LaTeX Graphics (DPC,SPQR)

(/ad/eng/research/eng_research_icsg/schuyler/usr/texlive/2012/texmf-dist/tex/la
tex/graphics/trig.sty
Package: trig 1999/03/16 v1.09 sin cos tan (DPC)
)
(/ad/eng/research/eng_research_icsg/schuyler/usr/texlive/2012/texmf-dist/tex/la
tex/latexconfig/graphics.cfg
File: graphics.cfg 2010/04/23 v1.9 graphics configuration of TeX Live
)
Package graphics Info: Driver file: pdftex.def on input line 91.

(/ad/eng/research/eng_research_icsg/schuyler/usr/texlive/2012/texmf-dist/tex/la
tex/pdftex-def/pdftex.def
File: pdftex.def 2011/05/27 v0.06d Graphics/color for pdfTeX

(/ad/eng/research/eng_research_icsg/schuyler/usr/texlive/2012/texmf-dist/tex/ge
neric/oberdiek/infwarerr.sty
Package: infwarerr 2010/04/08 v1.3 Providing info/warning/error messages (HO)
)
(/ad/eng/research/eng_research_icsg/schuyler/usr/texlive/2012/texmf-dist/tex/ge
neric/oberdiek/ltxcmds.sty
Package: ltxcmds 2011/11/09 v1.22 LaTeX kernel commands for general use (HO)
)
\Gread@gobject=\count87
))
\Gin@req@height=\dimen103
\Gin@req@width=\dimen104
)
(/ad/eng/research/eng_research_icsg/schuyler/usr/texlive/2012/texmf-dist/tex/la
tex/geometry/geometry.sty
Package: geometry 2010/09/12 v5.6 Page Geometry

(/ad/eng/research/eng_research_icsg/schuyler/usr/texlive/2012/texmf-dist/tex/ge
neric/oberdiek/ifpdf.sty
Package: ifpdf 2011/01/30 v2.3 Provides the ifpdf switch (HO)
Package ifpdf Info: pdfTeX in PDF mode is detected.
)
(/ad/eng/research/eng_research_icsg/schuyler/usr/texlive/2012/texmf-dist/tex/ge
neric/oberdiek/ifvtex.sty
Package: ifvtex 2010/03/01 v1.5 Detect VTeX and its facilities (HO)
Package ifvtex Info: VTeX not detected.
)
(/ad/eng/research/eng_research_icsg/schuyler/usr/texlive/2012/texmf-dist/tex/ge
neric/ifxetex/ifxetex.sty
Package: ifxetex 2010/09/12 v0.6 Provides ifxetex conditional
)
\Gm@cnth=\count88
\Gm@cntv=\count89
\c@Gm@tempcnt=\count90
\Gm@bindingoffset=\dimen105
\Gm@wd@mp=\dimen106
\Gm@odd@mp=\dimen107
\Gm@even@mp=\dimen108
\Gm@layoutwidth=\dimen109
\Gm@layoutheight=\dimen110
\Gm@layouthoffset=\dimen111
\Gm@layoutvoffset=\dimen112
\Gm@dimlist=\toks15
) (./current.aux)
\openout1 = `current.aux'.

LaTeX Font Info:    Checking defaults for OML/cmm/m/it on input line 7.
LaTeX Font Info:    ... okay on input line 7.
LaTeX Font Info:    Checking defaults for T1/cmr/m/n on input line 7.
LaTeX Font Info:    ... okay on input line 7.
LaTeX Font Info:    Checking defaults for OT1/cmr/m/n on input line 7.
LaTeX Font Info:    ... okay on input line 7.
LaTeX Font Info:    Checking defaults for OMS/cmsy/m/n on input line 7.
LaTeX Font Info:    ... okay on input line 7.
LaTeX Font Info:    Checking defaults for OMX/cmex/m/n on input line 7.
LaTeX Font Info:    ... okay on input line 7.
LaTeX Font Info:    Checking defaults for U/cmr/m/n on input line 7.
LaTeX Font Info:    ... okay on input line 7.

(/ad/eng/research/eng_research_icsg/schuyler/usr/texlive/2012/texmf-dist/tex/co
ntext/base/supp-pdf.mkii
[Loading MPS to PDF converter (version 2006.09.02).]
\scratchcounter=\count91
\scratchdimen=\dimen113
\scratchbox=\box26
\nofMPsegments=\count92
\nofMParguments=\count93
\everyMPshowfont=\toks16
\MPscratchCnt=\count94
\MPscratchDim=\dimen114
\MPnumerator=\count95
\makeMPintoPDFobject=\count96
\everyMPtoPDFconversion=\toks17
)
(/ad/eng/research/eng_research_icsg/schuyler/usr/texlive/2012/texmf-dist/tex/ge
neric/oberdiek/pdftexcmds.sty
Package: pdftexcmds 2011/11/29 v0.20 Utility functions of pdfTeX for LuaTeX (HO
)

(/ad/eng/research/eng_research_icsg/schuyler/usr/texlive/2012/texmf-dist/tex/ge
neric/oberdiek/ifluatex.sty
Package: ifluatex 2010/03/01 v1.3 Provides the ifluatex switch (HO)
Package ifluatex Info: LuaTeX not detected.
)
Package pdftexcmds Info: LuaTeX not detected.
Package pdftexcmds Info: \pdf@primitive is available.
Package pdftexcmds Info: \pdf@ifprimitive is available.
Package pdftexcmds Info: \pdfdraftmode found.
)
(/ad/eng/research/eng_research_icsg/schuyler/usr/texlive/2012/texmf-dist/tex/la
tex/oberdiek/epstopdf-base.sty
Package: epstopdf-base 2010/02/09 v2.5 Base part for package epstopdf

(/ad/eng/research/eng_research_icsg/schuyler/usr/texlive/2012/texmf-dist/tex/la
tex/oberdiek/grfext.sty
Package: grfext 2010/08/19 v1.1 Manage graphics extensions (HO)

(/ad/eng/research/eng_research_icsg/schuyler/usr/texlive/2012/texmf-dist/tex/ge
neric/oberdiek/kvdefinekeys.sty
Package: kvdefinekeys 2011/04/07 v1.3 Define keys (HO)
))
(/ad/eng/research/eng_research_icsg/schuyler/usr/texlive/2012/texmf-dist/tex/la
tex/oberdiek/kvoptions.sty
Package: kvoptions 2011/06/30 v3.11 Key value format for package options (HO)

(/ad/eng/research/eng_research_icsg/schuyler/usr/texlive/2012/texmf-dist/tex/ge
neric/oberdiek/kvsetkeys.sty
Package: kvsetkeys 2012/04/25 v1.16 Key value parser (HO)

(/ad/eng/research/eng_research_icsg/schuyler/usr/texlive/2012/texmf-dist/tex/ge
neric/oberdiek/etexcmds.sty
Package: etexcmds 2011/02/16 v1.5 Avoid name clashes with e-TeX commands (HO)
Package etexcmds Info: Could not find \expanded.
(etexcmds)             That can mean that you are not using pdfTeX 1.50 or
(etexcmds)             that some package has redefined \expanded.
(etexcmds)             In the latter case, load this package earlier.
)))
Package grfext Info: Graphics extension search list:
(grfext)             [.png,.pdf,.jpg,.mps,.jpeg,.jbig2,.jb2,.PNG,.PDF,.JPG,.JPE
G,.JBIG2,.JB2,.eps]
(grfext)             \AppendGraphicsExtensions on input line 452.

(/ad/eng/research/eng_research_icsg/schuyler/usr/texlive/2012/texmf-dist/tex/la
tex/latexconfig/epstopdf-sys.cfg
File: epstopdf-sys.cfg 2010/07/13 v1.3 Configuration of (r)epstopdf for TeX Liv
e
))
*geometry* driver: auto-detecting
*geometry* detected driver: pdftex
*geometry* verbose mode - [ preamble ] result:
* driver: pdftex
* paper: <default>
* layout: <same size as paper>
* layoutoffset:(h,v)=(0.0pt,0.0pt)
* modes: 
* h-part:(L,W,R)=(36.135pt, 542.02501pt, 36.135pt)
* v-part:(T,H,B)=(36.135pt, 722.7pt, 36.135pt)
* \paperwidth=614.295pt
* \paperheight=794.96999pt
* \textwidth=542.02501pt
* \textheight=722.7pt
* \oddsidemargin=-36.135pt
* \evensidemargin=-36.135pt
* \topmargin=-73.135pt
* \headheight=12.0pt
* \headsep=25.0pt
* \topskip=10.0pt
* \footskip=30.0pt
* \marginparwidth=65.0pt
* \marginparsep=11.0pt
* \columnsep=10.0pt
* \skip\footins=9.0pt plus 4.0pt minus 2.0pt
* \hoffset=0.0pt
* \voffset=0.0pt
* \mag=1000
* \@twocolumnfalse
* \@twosidefalse
* \@mparswitchfalse
* \@reversemarginfalse
* (1in=72.27pt=25.4mm, 1cm=28.453pt)


Underfull \hbox (badness 10000) in paragraph at lines 19--23

 []

LaTeX Font Info:    Try loading font information for OMS+cmr on input line 24.

(/ad/eng/research/eng_research_icsg/schuyler/usr/texlive/2012/texmf-dist/tex/la
tex/base/omscmr.fd
File: omscmr.fd 1999/05/25 v2.5h Standard LaTeX font definitions
)
LaTeX Font Info:    Font shape `OMS/cmr/m/n' in size <10> not available
(Font)              Font shape `OMS/cmsy/m/n' tried instead on input line 24.
 [1

{/ad/eng/research/eng_research_icsg/schuyler/usr/texlive/2012/texmf-var/fonts/m
ap/pdftex/updmap/pdftex.map}] (./current.aux) ) 
Here is how much of TeX's memory you used:
 1957 strings out of 493481
 30590 string characters out of 3125055
 93247 words of memory out of 3000000
 5271 multiletter control sequences out of 15000+200000
 4899 words of font info for 18 fonts, out of 3000000 for 9000
 957 hyphenation exceptions out of 8191
 38i,4n,32p,233b,142s stack positions out of 5000i,500n,10000p,200000b,50000s
</ad/eng/research/eng_research_i
csg/schuyler/usr/texlive/2012/texmf-dist/fonts/type1/public/amsfonts/cm/cmbx10.
pfb></ad/eng/research/eng_research_icsg/schuyler/usr/texlive/2012/texmf-dist/fo
nts/type1/public/amsfonts/cm/cmbx12.pfb></ad/eng/research/eng_research_icsg/sch
uyler/usr/texlive/2012/texmf-dist/fonts/type1/public/amsfonts/cm/cmr10.pfb></ad
/eng/research/eng_research_icsg/schuyler/usr/texlive/2012/texmf-dist/fonts/type
1/public/amsfonts/cm/cmsy10.pfb></ad/eng/research/eng_research_icsg/schuyler/us
r/texlive/2012/texmf-dist/fonts/type1/public/amsfonts/cm/cmti10.pfb>
Output written on current.pdf (1 page, 65749 bytes).
PDF statistics:
 28 PDF objects out of 1000 (max. 8388607)
 19 compressed objects within 1 object stream
 0 named destinations out of 1000 (max. 500000)
 1 words of extra memory for PDF output out of 10000 (max. 10000000)

