This is pdfTeX, Version 3.1415926-2.4-1.40.13 (TeX Live 2012)
 restricted \write18 enabled.
entering extended mode
(./current.tex
LaTeX2e <2011/06/27>
Babel <v3.8m> and hyphenation patterns for english, dumylang, nohyphenation, ge
rman-x-2012-05-30, ngerman-x-2012-05-30, afrikaans, ancientgreek, ibycus, arabi
c, armenian, basque, bulgarian, catalan, pinyin, coptic, croatian, czech, danis
h, dutch, ukenglish, usenglishmax, esperanto, estonian, ethiopic, farsi, finnis
h, french, friulan, galician, german, ngerman, swissgerman, monogreek, greek, h
ungarian, icelandic, assamese, bengali, gujarati, hindi, kannada, malayalam, ma
rathi, oriya, panjabi, tamil, telugu, indonesian, interlingua, irish, italian, 
kurmanji, latin, latvian, lithuanian, mongolian, mongolianlmc, bokmal, nynorsk,
 piedmontese, polish, portuguese, romanian, romansh, russian, sanskrit, serbian
, serbianc, slovak, slovenian, spanish, swedish, turkish, turkmen, ukrainian, u
ppersorbian, welsh, loaded.

(/ad/eng/research/eng_research_icsg/schuyler/usr/texlive/2012/texmf-dist/tex/la
tex/base/article.cls
Document Class: article 2007/10/19 v1.4h Standard LaTeX document class

(/ad/eng/research/eng_research_icsg/schuyler/usr/texlive/2012/texmf-dist/tex/la
tex/base/size10.clo))
(/ad/eng/research/eng_research_icsg/schuyler/usr/texlive/2012/texmf-dist/tex/la
tex/graphics/graphicx.sty
(/ad/eng/research/eng_research_icsg/schuyler/usr/texlive/2012/texmf-dist/tex/la
tex/graphics/keyval.sty)
(/ad/eng/research/eng_research_icsg/schuyler/usr/texlive/2012/texmf-dist/tex/la
tex/graphics/graphics.sty
(/ad/eng/research/eng_research_icsg/schuyler/usr/texlive/2012/texmf-dist/tex/la
tex/graphics/trig.sty)
(/ad/eng/research/eng_research_icsg/schuyler/usr/texlive/2012/texmf-dist/tex/la
tex/latexconfig/graphics.cfg)
(/ad/eng/research/eng_research_icsg/schuyler/usr/texlive/2012/texmf-dist/tex/la
tex/pdftex-def/pdftex.def
(/ad/eng/research/eng_research_icsg/schuyler/usr/texlive/2012/texmf-dist/tex/ge
neric/oberdiek/infwarerr.sty)
(/ad/eng/research/eng_research_icsg/schuyler/usr/texlive/2012/texmf-dist/tex/ge
neric/oberdiek/ltxcmds.sty))))
(/ad/eng/research/eng_research_icsg/schuyler/usr/texlive/2012/texmf-dist/tex/la
tex/geometry/geometry.sty
(/ad/eng/research/eng_research_icsg/schuyler/usr/texlive/2012/texmf-dist/tex/ge
neric/oberdiek/ifpdf.sty)
(/ad/eng/research/eng_research_icsg/schuyler/usr/texlive/2012/texmf-dist/tex/ge
neric/oberdiek/ifvtex.sty)
(/ad/eng/research/eng_research_icsg/schuyler/usr/texlive/2012/texmf-dist/tex/ge
neric/ifxetex/ifxetex.sty)) (./current.aux)
(/ad/eng/research/eng_research_icsg/schuyler/usr/texlive/2012/texmf-dist/tex/co
ntext/base/supp-pdf.mkii
[Loading MPS to PDF converter (version 2006.09.02).]
)
(/ad/eng/research/eng_research_icsg/schuyler/usr/texlive/2012/texmf-dist/tex/ge
neric/oberdiek/pdftexcmds.sty
(/ad/eng/research/eng_research_icsg/schuyler/usr/texlive/2012/texmf-dist/tex/ge
neric/oberdiek/ifluatex.sty))
(/ad/eng/research/eng_research_icsg/schuyler/usr/texlive/2012/texmf-dist/tex/la
tex/oberdiek/epstopdf-base.sty
(/ad/eng/research/eng_research_icsg/schuyler/usr/texlive/2012/texmf-dist/tex/la
tex/oberdiek/grfext.sty
(/ad/eng/research/eng_research_icsg/schuyler/usr/texlive/2012/texmf-dist/tex/ge
neric/oberdiek/kvdefinekeys.sty))
(/ad/eng/research/eng_research_icsg/schuyler/usr/texlive/2012/texmf-dist/tex/la
tex/oberdiek/kvoptions.sty
(/ad/eng/research/eng_research_icsg/schuyler/usr/texlive/2012/texmf-dist/tex/ge
neric/oberdiek/kvsetkeys.sty
(/ad/eng/research/eng_research_icsg/schuyler/usr/texlive/2012/texmf-dist/tex/ge
neric/oberdiek/etexcmds.sty)))
(/ad/eng/research/eng_research_icsg/schuyler/usr/texlive/2012/texmf-dist/tex/la
tex/latexconfig/epstopdf-sys.cfg))
*geometry* driver: auto-detecting
*geometry* detected driver: pdftex

Underfull \hbox (badness 10000) in paragraph at lines 19--23


(/ad/eng/research/eng_research_icsg/schuyler/usr/texlive/2012/texmf-dist/tex/la
tex/base/omscmr.fd) [1{/ad/eng/research/eng_research_icsg/schuyler/usr/texlive/
2012/texmf-var/fonts/map/pdftex/updmap/pdftex.map}] (./current.aux) )
(see the transcript file for additional information)</ad/eng/research/eng_resea
rch_icsg/schuyler/usr/texlive/2012/texmf-dist/fonts/type1/public/amsfonts/cm/cm
bx10.pfb></ad/eng/research/eng_research_icsg/schuyler/usr/texlive/2012/texmf-di
st/fonts/type1/public/amsfonts/cm/cmbx12.pfb></ad/eng/research/eng_research_ics
g/schuyler/usr/texlive/2012/texmf-dist/fonts/type1/public/amsfonts/cm/cmr10.pfb
></ad/eng/research/eng_research_icsg/schuyler/usr/texlive/2012/texmf-dist/fonts
/type1/public/amsfonts/cm/cmsy10.pfb></ad/eng/research/eng_research_icsg/schuyl
er/usr/texlive/2012/texmf-dist/fonts/type1/public/amsfonts/cm/cmti10.pfb>
Output written on current.pdf (1 page, 65749 bytes).
Transcript written on current.log.
